TN:
SF:nrt_logging\config.py
DA:1,1,jEc91tz0B1b2beSYnS+UDQ
DA:3,1,TkdTY1aJYRsgoCX7IqBZHg
DA:4,1,Ee6SWi08DIfeTO2dXygIDg
DA:6,1,0rtggl7y/VGucxmyqhA/1g
DA:7,1,pOJEk71JGjmh+l6qleegDQ
DA:8,1,TaWORnPJe7mL9kCgBFeN7w
DA:9,1,X7mYpKJFOtw44prOTCtleA
DA:14,1,P7gxJaoZm3W/JTd1uywg2Q
DA:15,1,pr7dbhaeqkV90c8h7OYqqg
DA:16,1,utdf+hMr6aVRVOJ2Hcg2Cw
DA:17,1,79CDtDIm7AshlvBtODJD3g
DA:18,1,dEZqMd+GLp3+tYYpofW1Ug
DA:19,1,kvY86AKJgkunr7EuySMp1w
DA:20,1,fTH0UFVqyOKtlNyM/TvRsQ
DA:22,1,CXGBWGRExeaqZJgASC2asg
DA:23,1,UgotXFKaPdUs21hzFwA9Pw
DA:24,1,hCjipTo6nNs53fjBGyglhg
DA:25,1,7iEvNwqK6u0iN2t+q48mbg
DA:26,1,bEreJj7LAFS2qUFZBgeHQg
DA:28,1,kDQ27I1c0XEX4b7aR/qq2w
DA:30,1,RLRUv0VJpPepBr254Kk2Kg
DA:32,1,ettyjzJfIbpqjSQv2wZC3Q
DA:33,1,VAAp3ySW8zTwbl4OxVyL9g
DA:34,1,vqRHCNtxw6t0HwBCwqKtfg
DA:35,1,Yq4tVQzCGsZf6N5y27dBEQ
DA:36,1,X2WQqS9tvEkE4En8/jnl9w
DA:37,1,vSZxSQTNFseVBwaaTxgoHg
DA:38,1,UkLxWIYzRikBRPw1YpUcZg
DA:40,1,HmADa1g/W1C2Vo9Wm4sNNA
DA:41,1,AA6vAaFnHK55S5usgSKZDg
DA:42,1,VJKYWSndminAREGI/T/bcw
DA:44,1,HmADa1g/W1C2Vo9Wm4sNNA
DA:45,1,X1X/65t6OS5HJO31Pq6CJA
DA:46,1,yrvus9pQuqcedu847uGAkg
DA:48,1,HmADa1g/W1C2Vo9Wm4sNNA
DA:49,1,v/XgbSKdqKGoULc2WAAkmA
DA:50,1,dqx1RRGCZh83z2B2I3ZJ8Q
DA:52,1,HmADa1g/W1C2Vo9Wm4sNNA
DA:53,1,erEfucSb39ZebZRniUl/0Q
DA:54,1,6OMhWYmhDc5rUCK88s1p3Q
DA:56,1,HmADa1g/W1C2Vo9Wm4sNNA
DA:57,1,2MY5jsi/CNQoft03u+cu5Q
DA:58,1,x6IKY5q96ahdDTZzpQTm3g
DA:60,1,HmADa1g/W1C2Vo9Wm4sNNA
DA:61,1,kyd/YVqmMRDZbFNwt2iUaA
DA:62,1,J1KfRP0iZkgmvaDa30kDGA
DA:64,1,n3pafsfsToniPzj39Oih7Q
DA:65,1,q10klu9Wf4i5j97AwHekPg
DA:67,1,uktMdGDXRKMaWtPYNvaSrw
DA:68,1,mJRCFR5nW68g0YkX2pZTmw
DA:70,1,32jnKrNg4kWPfA8avvcADw
DA:72,1,ZcgAGQwss2xbTLn7ui3evg
DA:73,1,tGiRYkt2SiXBitPDIUzxdA
DA:75,1,huj8Ild7aoqvftrya5BFUw
DA:76,1,xvWIcpcyNr0gyGcTkdMxXw
DA:77,1,oRXiVi9vXJE6Vw81o/msiw
DA:78,1,73DqMM/tqQHuZOmnv6mLRw
DA:79,1,ziMwbdP43Yl2rkv+Iw0+Vg
DA:83,1,8tufERkM+OjZyMnCiAXuPA
DA:84,1,MzTbPit10nFwLjL6o1nzNQ
DA:86,1,mZbch/yEY9tucdMcAGIN2Q
DA:87,1,xvWIcpcyNr0gyGcTkdMxXw
DA:88,1,mxqHz4aAEmFEvNeFzgqbdw
DA:89,1,73DqMM/tqQHuZOmnv6mLRw
DA:90,1,ziMwbdP43Yl2rkv+Iw0+Vg
DA:94,1,6H8e5XqG5WSYSMzKhfQRYg
DA:95,1,EJ0vGft/oWscs34FgSQ3qQ
DA:97,1,Bd09+1ZN/W51J6MlJalH1g
DA:98,1,pPuQi8BH6q8C171RMtr4AQ
DA:100,1,bpSMt12JbLCqfpIsT3nA0w
DA:101,1,ksrp7ij/v70oKR+IXBtexg
DA:103,1,xT7/4o0e6C6iV61U4CwGVw
DA:105,1,Bs3plveK9BU74N8Wxf4XVA
DA:106,1,tDwqtFTsHKWsPSWYSLLyqg
DA:107,1,Uk1iEqLYWHwxE4nbWtF0CQ
DA:108,1,exydPtrQ/vAYF0n3g3VzbQ
DA:109,1,iVdjCwDNu3Oug1voBDgXiQ
DA:110,1,eUpXCTrNchqfEWIn3GKu1g
DA:111,1,3s3HcOh6nSRpMt+st9b/xw
DA:115,1,ECDP3wP7xmUz36NhEIhTNQ
DA:118,1,Id5Kbm912CiNNzkTuBSfVg
DA:119,1,vtqhQ3N1WqlNZIgxEqddcw
DA:120,1,3VtxpQqr9HXP4F/UPGXhLw
DA:121,1,nbzOTcD9eFKV0cKfMozpVw
DA:123,1,dalud8JFfzwDrSrWp5Ztug
DA:124,1,vGWGDPlic32bExtHO1g04g
DA:125,1,QeEcgbvO2b3vKSHkOlLVDA
DA:127,1,ettyjzJfIbpqjSQv2wZC3Q
DA:128,1,jFaouDqa14Vh0xPkpR3caA
DA:129,1,gwbTvh+S7iBGQanGQkGLcQ
DA:130,1,D2Zqke5wUC5aCij2rrqkiw
DA:131,1,4G0B0BeXzn8snaA8ybL0BQ
DA:132,1,tx/1ikdFJKrCndBptXF6fg
DA:134,1,LiqgxZVTOpRP0HZjXXwlqw
DA:135,1,4wMSkZu3F+ETA7P3nfQokw
DA:136,1,MzNtlQl6hrfQSkDMDINuhA
DA:138,1,2GPpxYKKxR5z2e3f4NWVnw
DA:139,1,fSM+zQw51peDkqAKUuUrDw
DA:145,1,HmADa1g/W1C2Vo9Wm4sNNA
DA:146,1,7FX1qAqtaHDXcsYvWDeIhQ
DA:147,1,0HCXNPIBMjUv6S7Sk4nRmQ
DA:149,1,HmADa1g/W1C2Vo9Wm4sNNA
DA:150,1,DMB5paNwKScKWtM/76/Wwg
DA:151,1,xYUygrr9RK0sEj/DagfSbg
DA:153,1,HmADa1g/W1C2Vo9Wm4sNNA
DA:154,1,c4hde/GxM4oZgYxhJqnSVA
DA:155,1,bo31U8r8Di0IkkfVjCCP9w
DA:157,1,ht9Ltfj7T2m8AucFZvqiDg
DA:158,1,Ws1igk2X866DUroMq9T3Rg
DA:160,1,pVy3jJWfacPfTWuN0jSlRw
DA:161,1,HVyrBJ61ni9ux6MdUIeaUA
DA:164,1,xjcDBnSwra0OiNOAYAwoHA
DA:165,1,CkQIPp3AaAryy3MVDq1nZQ
DA:166,1,MQAw7ryZXIqoa+XVvQuYKQ
DA:167,1,HVyrBJ61ni9ux6MdUIeaUA
DA:171,1,jkXzH+pxBO4uqJbAuT42fg
DA:172,1,M15YkygFkDIxoowKxbiENA
DA:174,1,jPuAWRlKBzn2paTu7xgFzA
DA:175,1,fUcARYIQFX1q0vBijBlZCg
DA:177,1,WR5krfVAwQ0i+8G2xaITQg
DA:178,1,HVyrBJ61ni9ux6MdUIeaUA
DA:182,1,YquNbIVQv/jeYQWx5b1DhA
DA:185,1,7uZAgVIDaHGsgEv3D1DyWQ
DA:186,1,epVfExIQFa119jPUvJybGw
DA:187,1,jVuAsDjdGiUH5yQiGBla8Q
DA:189,1,dalud8JFfzwDrSrWp5Ztug
DA:190,1,GiTTpp9yjjuH3FknUypJtw
DA:192,1,k04rW5INf5B0Y0ID8lFlSw
DA:194,1,ettyjzJfIbpqjSQv2wZC3Q
DA:195,1,jFaouDqa14Vh0xPkpR3caA
DA:196,1,VxWiCfJO3Z3ocp5hjRbX5g
DA:197,1,4G0B0BeXzn8snaA8ybL0BQ
DA:198,1,/Ihj+/6dhSOCrTiTJ1sg5Q
DA:200,1,HmADa1g/W1C2Vo9Wm4sNNA
DA:201,1,7FX1qAqtaHDXcsYvWDeIhQ
DA:202,1,0HCXNPIBMjUv6S7Sk4nRmQ
DA:204,1,HmADa1g/W1C2Vo9Wm4sNNA
DA:205,1,qhqMGkShmBJn147ZoSUGKA
DA:206,1,yvFW+YTslb+JArCzo6RmQA
DA:208,1,HmADa1g/W1C2Vo9Wm4sNNA
DA:209,1,kyd/YVqmMRDZbFNwt2iUaA
DA:210,1,tSLvwItEi8quPMv3RwYa8w
DA:212,1,TQt99okBtwgtog7tY3itgA
DA:213,1,a3wfpdxK1FdBjt6abWBYNQ
DA:215,1,oiyaBw1rf7NnbzAeFPSAMA
DA:216,1,P+2cJ1Jkz4gOzcNX6PFzlw
DA:218,1,uzSZW+R/4lXPKGmpWp+1jQ
DA:219,1,FYJnSlJ/nFG8DokI3LCRvQ
DA:221,1,cuVELA0swhKO4B1ddsi+tw
DA:222,1,4k4PPyvzqGNbjUMafSS3KA
DA:226,1,BAnf0OlPCDG27hTpFEARYQ
DA:227,1,z3lQNw9lpusChvrVWmUYbw
DA:229,1,FFgIM74rHhalvRhBBj/QyQ
DA:231,1,5QfDpawk4Ele7MwXZKFy/A
DA:232,1,7YRWhuuFfWJiOOxXVGeMhQ
DA:233,1,msqT99kdzztTBk/HsJPX1g
DA:234,1,GTS0+c8BfFpJ4W2bJBwBBQ
DA:235,1,mkSuXFIKPFL/T08JZIMiWQ
DA:236,1,4G0B0BeXzn8snaA8ybL0BQ
DA:237,1,vW3CXR1TqBURF3X/VXXklA
DA:239,1,HmADa1g/W1C2Vo9Wm4sNNA
DA:240,1,etkHKTXiO6gd1jc99wSF6Q
DA:241,1,iEa5plFmiu9wjs6AmyiVsQ
DA:243,1,HXvW1tI01SPHfT1N/ucDPQ
DA:245,1,mLbs5KXaBCCBhqPDI1ygsw
DA:247,1,Wxbfg4/yUciDrSLfeEAZsQ
DA:249,1,Eb9k0JEUKpVo5h5ixioBDg
DA:250,1,TFi1YZA8zOyq6rAULYgEpA
DA:251,1,ueqtRS4x1oQWbBS/q4oiag
DA:253,1,rAkvqDWP58VlYgnueHtpOw
DA:254,1,3s3HcOh6nSRpMt+st9b/xw
DA:258,1,dicZYBuY6RnfT0GfnXpHFA
DA:260,1,OonwaIIsv+hSl9rLEUCMDQ
DA:263,1,xwuGylOAE1ugKS5IQ0kGJQ
DA:264,1,CE/6v93XsI3MUod+JdS0Eg
DA:265,1,mzSJhiZBJI4IOg64ON+toA
DA:267,1,n2oNXjIDn9f4Sx5dG8pKdw
DA:269,1,Nnqu9X+lU2lagW39QNhFWA
DA:270,1,Kbvdnsedm+3WG4aeetoS9g
DA:272,1,02nFyPDMx5+Rt+R7vRaNlg
DA:273,1,xIxlGe+3TCIqzIzfLEJ25g
DA:275,1,LnnRJLjdBUTKleKfN7HEYQ
DA:276,1,HVyrBJ61ni9ux6MdUIeaUA
DA:280,1,Nnqu9X+lU2lagW39QNhFWA
DA:281,1,2ox7jvzvgWc0DRPbL+6Bgg
DA:282,1,joHgdAfhIOXyI8OXolXuXw
DA:320,1,j/Zt0LxeRexw0XOnR6uO5A
DA:321,1,xjcDBnSwra0OiNOAYAwoHA
DA:322,1,gkEwaOen6aQAeXBgewPBRg
DA:323,1,KgZb3a6FpqY2LPzg1KjRww
DA:324,1,QgCcFSJG5CrWtN30+8UOdw
DA:330,1,Q0R6/TAaXD93Vo/e6K9/qw
LF:192
LH:192
BRDA:70,0,0,-
BRDA:68,0,1,1
BRDA:0,1,0,1
BRDA:76,1,1,1
BRDA:0,2,0,1
BRDA:87,2,1,1
BRDA:0,3,0,1
BRDA:106,3,1,1
BRDA:107,4,0,1
BRDA:115,4,1,1
BRDA:136,5,0,1
BRDA:138,5,1,1
BRDA:161,6,0,1
BRDA:164,6,1,1
BRDA:178,7,0,1
BRDA:182,7,1,1
BRDA:221,8,0,-
BRDA:219,8,1,1
BRDA:0,9,0,1
BRDA:222,9,1,1
BRDA:0,10,0,-
BRDA:250,10,1,1
BRDA:0,11,0,1
BRDA:251,11,1,1
BRDA:254,12,0,1
BRDA:258,12,1,1
BRDA:264,13,0,1
BRDA:267,13,1,1
BRDA:0,14,0,1
BRDA:265,14,1,1
BRDA:273,15,0,1
BRDA:275,15,1,1
BRDA:0,16,0,1
BRDA:276,16,1,1
BRF:34
BRH:31
end_of_record
TN:
SF:nrt_logging\exceptions.py
DA:1,1,jEc91tz0B1b2beSYnS+UDQ
DA:4,1,H5ctwyx43/sTO1VFHfL1WA
DA:5,1,I+IySF0cXOyB40aRyjrOUA
DA:6,1,T33gnmQcN3aYHm33sveZGQ
DA:7,1,EZRF0y33PqSmqf3ziTP8IQ
DA:9,1,QMSg8/krCMXOv0eRYY5oOw
LF:6
LH:6
BRDA:7,0,0,1
BRDA:9,0,1,1
BRF:2
BRH:2
end_of_record
TN:
SF:nrt_logging\log_format.py
DA:1,1,7HpIEQVf5K0efdTzo05mJg
DA:2,1,gRHjawkciFUavd6j4zLvOw
DA:5,1,07UQMsHH39vhP+lf05Rpmg
DA:6,1,+jWxpXatgGNRTGFVErn3/g
DA:7,1,vsgEwUPdGotaDtFOqrvfhQ
DA:8,1,9Xc21dsSMJ32sL1h7fXZ7g
DA:9,1,xIIsnrq0JATS5x8bVCLNpg
DA:10,1,kkyLmmAL87AYzxO36vVzCg
DA:11,1,+i+FLvdwYHQZGpJvfepJgQ
DA:13,1,qX1j7fTYq6hujQxIVMdBEw
DA:14,1,G29Q9+1Xfwate5AeOruBRg
DA:15,1,9T6FN1pYB94kldSrUyze1Q
DA:17,1,HmADa1g/W1C2Vo9Wm4sNNA
DA:18,1,5Vm9L4KArYhbOWSrx16eBA
DA:19,1,eazYsFVTs8/Y4RDXbDK/nw
DA:21,1,HmADa1g/W1C2Vo9Wm4sNNA
DA:22,1,PMx3Q9iGOKKzFib6apnOzA
DA:23,1,aka5wWZfe+FzDSFC2GhwsA
DA:25,1,j+CcxAIEiLeqjzkbiEHnZA
DA:26,1,EafycUxcozl3V0jLQjRFjQ
DA:28,1,Nnqu9X+lU2lagW39QNhFWA
DA:29,1,gPk7lMBTRGLpqaK9FTj2Bw
DA:30,1,o7ZDxq8NkwrQb1h/XbDmbg
DA:32,1,ohwq41GMxaQbcaUbh1zBTw
DA:33,1,fQzJmSt4NSbvbL0dCuI7Xw
DA:34,1,A9DkbhW7ejnUE8uzbsXNrA
DA:36,1,IUKhs9ob4Or9/+MX19gbIw
DA:39,1,CT9XrugR0VmgtyLiirko8A
DA:40,1,xe8CiGxSrjvB6dDAcO7S2g
DA:41,1,uOp5TQwRKF57e6HI4mJYmA
DA:43,1,v/KPI7X/OVs7KHxiAM6WdA
DA:46,1,CT9XrugR0VmgtyLiirko8A
DA:47,1,8pTTRje5JXviw4xuRPAo3Q
DA:48,1,oYefdc92/T0xhmxfeHMSKQ
DA:58,1,3X1yc7rlSWa2A1dW/q5zcA
DA:60,1,Nnqu9X+lU2lagW39QNhFWA
DA:61,1,Gy43rDIiVPbJQ93oqUrioA
DA:62,1,kPUU967TR4L1z0kBP9z+fw
DA:63,1,zUiBM3sPo2JmyKUQIEXkpA
DA:65,1,AiOPh8OIwJgy/1RU8/Z/Bw
LF:40
LH:40
BRDA:33,0,0,1
BRDA:36,0,1,1
BRDA:32,1,0,1
BRDA:34,1,1,1
BRDA:40,2,0,1
BRDA:41,2,1,1
BRDA:47,3,0,1
BRDA:48,3,1,1
BRDA:63,4,0,1
BRDA:65,4,1,1
BRF:10
BRH:10
end_of_record
TN:
SF:nrt_logging\log_level.py
DA:1,1,gRHjawkciFUavd6j4zLvOw
DA:4,1,+Ako2MBzATFcCjMQxiRg2A
DA:5,1,ZhAGrHo2KXZjVKUrYDzH/g
DA:6,1,wSeMSlbttkkDF1vqEl6bXg
DA:7,1,E6m6vy03D7Z/v/O4A3HHIg
DA:8,1,Vj7a5+cDAy86RqkB3/7SSA
DA:9,1,lixlWpUWMlwlI5eD5/P1wA
DA:10,1,1EprCezgCCdePk4h3kiU+Q
DA:12,1,M1PxRBbO5YFINBVhUbMlsg
DA:13,1,Bx05P9YXab41Ey4LQvHaIQ
DA:15,1,ovL+DZA8iIU6vgaCvI/v5w
DA:16,1,lPaAuYink1qcwU4vV8cyzg
DA:18,1,X115G4CwmLkek13LoY9EUg
DA:19,1,6x7mhBtpH4t99rroK6MuBQ
DA:21,1,gUM9Aa7eTglu0cO0NiJL7Q
DA:22,1,rprHyt++Ey39EuZ1Bwrq9g
DA:24,1,aLO4mh4jdTRyoLeCa5v96A
DA:25,1,ZL+yJTG0Wbmi4ERSUrVoNA
DA:27,1,LsZ+fAoV8jIOXTo0X1AJZA
DA:28,1,+2b2al+C/3SU7L/jwdo82w
DA:30,1,GJPDQGaguJwOJmbL3MX44w
DA:31,1,hdUcUx/Pjs6CvfcnmJqAwQ
DA:33,1,Nnqu9X+lU2lagW39QNhFWA
DA:34,1,gPk7lMBTRGLpqaK9FTj2Bw
DA:35,1,o7ZDxq8NkwrQb1h/XbDmbg
DA:37,1,FCHIR7AAPlNNtX9yJnPocw
DA:38,1,FhUWeR+6QBZ2Dr0daET/bQ
DA:39,1,iW/Hwztl0xB7vK9GzUHHwQ
DA:41,1,b6wE3RWXWARLJ2sHuukEkw
DA:44,1,HjWNDlgnYt54jGKDgz9hjQ
LF:30
LH:30
BRDA:38,0,0,1
BRDA:41,0,1,1
BRDA:37,1,0,1
BRDA:39,1,1,1
BRF:4
BRH:4
end_of_record
TN:
SF:nrt_logging\logger.py
DA:1,1,jEc91tz0B1b2beSYnS+UDQ
DA:3,1,TaWORnPJe7mL9kCgBFeN7w
DA:4,1,X7mYpKJFOtw44prOTCtleA
DA:8,1,+TFWot691PjR2ew+QRIJ6g
DA:9,1,/ZvqiDY7XVzMiSFdpC6ZCg
DA:21,1,WKnVCxxosYsvo8XNdf/uQQ
DA:22,1,k7Kyj8sPQ7jYJ8QSEFMqQQ
DA:24,1,k04rW5INf5B0Y0ID8lFlSw
DA:26,1,A2jHRUdLlHc63WlCOHN92g
DA:36,1,aTrM4FfXdTmWHpzPNTfc3g
DA:37,1,OVv7CfHNSi618MmaQjah0A
DA:39,1,Emqh2LmdSCCjp2nn5+pqHg
DA:44,1,kczg2LiRhOwEbjXaTlvX9g
DA:45,1,eL353liPnbxKJq8Dxqn87w
DA:47,1,FNs1wXBWmM93KO3RO4Eb1w
DA:48,1,VCNO34p/6jkf74WKZ9BtgQ
DA:50,1,IbQh0X1ddXO3q7uWYMv2Nw
DA:55,1,N+R3T0o8kR3UlKETLxBG0w
DA:56,1,eL353liPnbxKJq8Dxqn87w
DA:58,1,FNs1wXBWmM93KO3RO4Eb1w
DA:59,1,vVyZ5TIusweuvkpPejsDNA
DA:61,1,qTIIHXbL+6RpUWPb99SWFA
DA:66,1,O3Gy4n4o4FnDTEn+C6rtcA
DA:67,1,eL353liPnbxKJq8Dxqn87w
DA:69,1,FNs1wXBWmM93KO3RO4Eb1w
DA:70,1,3IQaZu8hSvV5uQaWowdkYw
DA:72,1,OeCSDGbEaWsA//fGT9nVqw
DA:77,1,L6leWWXWerIcrViaDAy+nw
DA:78,1,eL353liPnbxKJq8Dxqn87w
DA:80,1,FNs1wXBWmM93KO3RO4Eb1w
DA:81,1,gM3pEn2XC5qKl+17waj0TQ
DA:83,1,Ikzq2106IxABx/RiRXWtxw
DA:88,1,ojG9UjH23anIT6Iv8q60hA
DA:89,1,eL353liPnbxKJq8Dxqn87w
DA:91,1,FNs1wXBWmM93KO3RO4Eb1w
DA:92,1,oiHWb36+fAGiCrp5ipFwpw
DA:94,1,u9yYgYhgozts+YbtFPgUag
DA:99,1,D5DFBvbF3WElTdnR01zdyA
DA:100,1,eL353liPnbxKJq8Dxqn87w
DA:102,1,FNs1wXBWmM93KO3RO4Eb1w
DA:103,1,GNQsuLHOOy5jajvaS1jgdw
DA:105,1,NqEJ7enOsUPTz1o6a//N+Q
DA:106,1,4mE02aUK/bgLmDlEgyS//A
DA:107,1,rlPTKlLSa7yY+fABLzuPJw
DA:109,1,/G9JMqkQ7gaPqatN6Y34gQ
DA:110,1,4mE02aUK/bgLmDlEgyS//A
DA:111,1,loo0tdEcQ9NK46Czm+Obug
DA:113,1,HW94CogYwtP7T4JqEjfSiA
DA:127,1,guJchnelXJWsAJ5yrg4Nxw
DA:128,1,eF84OhoS6iXydA50jJtlsg
DA:130,1,BpCRGRpOeLC3L+FGdEvv6w
DA:131,1,solpdoazuUuaBDi+Qdr9mA
DA:133,1,NBamD4Unf0YSXnkjOneFMA
DA:135,1,cBWitxyaWKAz5GmlqwVToQ
DA:136,1,4mE02aUK/bgLmDlEgyS//A
DA:137,1,oc8Zuo6ZeiwdNYMGmc3pJg
DA:139,1,OVv7CfHNSi618MmaQjah0A
DA:141,1,e4A3f7zI9AHHprVzlSr8Lw
DA:144,1,aTrM4FfXdTmWHpzPNTfc3g
DA:146,1,/7qCb+NSK/h8OHJdvRWBSg
DA:147,1,Cz2FbSkpskg3MvLWdj+blg
DA:149,1,HmADa1g/W1C2Vo9Wm4sNNA
DA:150,1,AA6vAaFnHK55S5usgSKZDg
DA:151,1,irCKPQquOgDGimuWXKcwfw
DA:153,1,wJeY9XhgT/NbYCQmRZSwKw
DA:154,1,efvMI+PhP+YBEKukxMphqg
DA:155,1,aTrM4FfXdTmWHpzPNTfc3g
DA:157,1,HmADa1g/W1C2Vo9Wm4sNNA
DA:158,1,kyd/YVqmMRDZbFNwt2iUaA
DA:159,1,tSLvwItEi8quPMv3RwYa8w
DA:161,1,0Q9GLng6Yar42acVH+r6zw
DA:162,1,rxGh3mEmlVWlK9R8QI26Fw
DA:163,1,Y10/JmBSOOUBIZz6uRImCQ
DA:165,1,b6afIIT9E8W6Uqsc14O8Yw
DA:166,1,DFOFdXd0Mt8q/yIKgwFDSQ
DA:167,1,VKd139kJTBOiNopVxQdUsg
DA:169,1,wg4z4WbrGVOMjb5JozVeTw
DA:170,1,Hz4Vp9pPPHYvJtVeB29Irg
DA:171,1,+xa6il1AZzpdvqhcCCHUuQ
LF:78
LH:79
BRDA:0,0,0,-
BRDA:45,0,1,1
BRDA:0,1,0,1
BRDA:48,1,1,1
BRDA:0,2,0,1
BRDA:56,2,1,1
BRDA:0,3,0,1
BRDA:59,3,1,1
BRDA:0,4,0,1
BRDA:67,4,1,1
BRDA:0,5,0,1
BRDA:70,5,1,1
BRDA:0,6,0,1
BRDA:78,6,1,1
BRDA:0,7,0,1
BRDA:81,7,1,1
BRDA:0,8,0,1
BRDA:89,8,1,1
BRDA:0,9,0,1
BRDA:92,9,1,1
BRDA:0,10,0,1
BRDA:100,10,1,1
BRDA:0,11,0,1
BRDA:103,11,1,1
BRDA:0,12,0,1
BRDA:107,12,1,1
BRDA:0,13,0,1
BRDA:111,13,1,1
BRDA:128,14,0,1
BRDA:130,14,1,1
BRDA:131,15,0,1
BRDA:133,15,1,1
BRDA:137,16,0,1
BRDA:139,16,1,1
BRDA:0,17,0,1
BRDA:147,17,1,1
BRDA:0,18,0,1
BRDA:167,18,1,1
BRDA:0,19,0,1
BRDA:171,19,1,1
BRF:40
BRH:39
end_of_record
TN:
SF:nrt_logging\logger_manager.py
DA:1,1,jEc91tz0B1b2beSYnS+UDQ
DA:3,1,3Jw8r7jrE1ThfnH5scPT4g
DA:5,1,+MSzhKeCpoJxsfuyl9MGug
DA:6,1,c/MY/vPb8WXNOo1PQDngdg
DA:7,1,uWA+kORC4FzlXq2t6GhBMg
DA:10,1,OPYhcITopNATM2HLRq+7Bg
DA:11,1,lkKIrcR8Y3YcqnWgxJzQyw
DA:12,1,u8KHDuYpcGXIQYx6FjKS0g
DA:13,1,bpnsZNwSIJ/hEv8pAAK0Eg
DA:15,1,k04rW5INf5B0Y0ID8lFlSw
DA:17,1,gFdnwIzxJ64X+nD2UauP7A
DA:18,1,rR5Aor/GbMrbWFq0Yj8avQ
DA:19,1,SAcyp/278sT2kp/cthaS4Q
DA:21,1,At7EzKjRhsG05GQczticTA
DA:23,1,LXL8hPHwgcMoWsTByFn+Ew
DA:24,1,U3BHHIUaDCbvGKYoTImNzA
DA:26,1,522aFXO653f4e4JDaZBSiA
DA:27,1,xZrImNbkyTqR9z9pGA23Bw
DA:29,1,YYztg7tZESaYkRYxAL20dA
DA:31,1,V6QOmWCB38dVvXmSk26lRQ
DA:32,1,LQlO/lCqdWzsGl4Aox6mZw
DA:34,1,uM49SS43fqnjOheZw4LSTw
DA:35,1,ZTANVn9WUl6YivFIF3ZaGA
DA:36,1,kuxVmGk+UZL7sDb0ZS/qgw
DA:38,1,RZfDeGb1fu9Ixk8SbXOxWA
DA:41,1,rDErZ8KmWOI8M0oOGDfkTQ
DA:44,1,1/zKcgzWjFX1ttL3sjI/Pw
DA:46,1,KsJe6qypETm3rcC0+puEXw
DA:47,1,tKJn/Jy8uoI+0u0MKA/vAw
DA:49,1,HmADa1g/W1C2Vo9Wm4sNNA
DA:50,1,kyd/YVqmMRDZbFNwt2iUaA
DA:53,1,0Q9GLng6Yar42acVH+r6zw
DA:54,1,rxGh3mEmlVWlK9R8QI26Fw
DA:55,1,Y10/JmBSOOUBIZz6uRImCQ
DA:57,1,nppS6BZ4ejWBvJTLdnJ75g
DA:62,1,rMUytF1emgMRyri/ycJuWQ
DA:64,1,LslZBrH1I+WnF5Xzr3aKQA
DA:66,1,iPvFjMadB321XjXTVMXKrQ
DA:68,1,s7+S8WT4jxqIR5kFDMaLag
DA:70,1,oNgvdb6AF23Dd1XWnyWT3A
DA:72,1,MuWG4sOnV00sJFB3q0A0NA
DA:75,1,BDHC23SNBRPdIQVl1QN/+Q
DA:76,1,39duyBjra/FdzJzNc8Hdpw
DA:79,1,xgTwY7a/HVH1uXJFLFev5g
DA:81,1,zqLpSx8/0fwNNN0qJUHDdQ
DA:82,1,DmM1r9nD7LG9tyJ6tgGq7Q
DA:85,1,mr1b6Y4vfphl/9xVLeylIA
DA:86,1,yTiFTwBDBWqyxGXWbxqe+Q
DA:88,1,rR7ueApE+sAFMKtU/EMKPw
DA:93,1,43zPC9RcEPjJnQwYAUQf4Q
DA:97,1,tw6/BeGDLlCRZZsatP4HyA
DA:98,1,gAf4MAvTnZpXGX87jP/sNA
DA:100,1,ZeOEcXqHVaoCCOq2rLHXZg
DA:105,1,/glYKUXDMEfjqFJVquqktA
DA:107,1,CmCCRxr6ONwZUHqFR0jqww
DA:108,1,xvJf2PRGqAGGXdM0wcyudw
DA:110,1,G9cuFvJTM+/0SEd+Kxt8+w
DA:112,1,9u//AnAjiQIdo0Wa0+YWzQ
DA:114,1,P1tXDChmYSMjfFsrU7rVkA
DA:116,1,bvFq958nBdav+Ss1l/eLjQ
DA:118,1,DNqB4TxbFU2xiokLaV8zqQ
DA:120,1,FFl2aUej3ePBAC1E3joswQ
DA:123,1,ztsutJEQxouritqbkJAJIw
DA:124,1,6DbtdPnBPQhR0JsD69jrrA
DA:126,1,HBC+r+JaFM8RckuyBbzkmw
DA:128,1,GM+Q1nF+r51w/nnsIVCwkg
DA:134,1,43zPC9RcEPjJnQwYAUQf4Q
DA:138,1,tw6/BeGDLlCRZZsatP4HyA
DA:139,1,zES7Z1JKyRaOSuA6eNYM8w
DA:141,1,vfrdaPpm4zw3YtoGSa8Ghw
DA:147,1,VY4Hw4dgoZKezqsGa0nOBQ
DA:151,1,kRZgwVcxnpPlRiIZ29uWSA
DA:152,1,f/c7736XxsYuZRnNwGo+hg
DA:154,1,POxAfAOLZX7JG+Noa/2BVw
DA:160,1,WLkWyC96wx/GdCTk3qeEfw
DA:164,1,1VgXGKus3JpOqWiXn2HJiQ
DA:165,1,qBwe7sid1/bcwyqgznkvXQ
DA:167,1,8tnSk3XckskVIEvaLVeQPA
DA:173,1,8Uk0XNKph4au0EtMnFXf7g
DA:179,1,PUvmPh+nVgdV9NAhOF8Pcg
DA:180,1,MgLBAeWvTm4GH4sY4BRlBw
DA:182,1,bxcRST4MkE9NVfJcp9KQcA
DA:188,1,tv8Vqk+j2/aDVwQjdNRMBA
DA:194,1,3TN6Lg31VPsv2Ban/DwGfQ
DA:195,1,aN+TyCxlueiHkTwuctOtQA
DA:197,1,K2VziMGDkVAuhtRifV+qfA
DA:203,1,eaRKt0MeOdaP6tys5UwHKw
DA:207,1,vHw98mpLHJnhJPgd6KM//Q
DA:210,1,y957kfibi4TL7TDxEVqplQ
DA:216,1,IkcmFAhlmNnVrsPNZAtT3g
DA:217,1,cwZbfHpOnvjmg1jEbIincw
DA:218,1,hF1E7bTzbeE9dwSBb9aqQQ
DA:219,1,BgQy035A69nUiYbkb8mGiw
DA:221,1,cj3xKs/Zgz/yYiDni/HhuA
DA:222,1,hhJYTlsf0FL8q/5y/ANXGg
DA:223,1,8W/Wtc+FyickaW0VEbSgqQ
DA:225,1,fzHb6dLNiwuyYt7/rhsikQ
DA:227,1,5/R95Ejo02su94GjBaqHlg
DA:228,1,KA19j/ZVe5GE9YI8vg+FEg
DA:230,1,apkQQtiiE4JOuDIBvLOUjQ
DA:232,1,Nnqu9X+lU2lagW39QNhFWA
DA:233,1,Ikkg16IbxUXWPAlCviaCUg
DA:238,1,LwtEAflCMSSBuNHViDkemg
DA:239,1,Dwjd91USmMoWKfkSCVg/jg
DA:241,1,yeZN5x4V8LR6BpPnSdgmCQ
DA:242,1,6YR9jfcqgWN8A6Po7X/njg
DA:243,1,YWaHqvNDY32joYOAA4T7YQ
DA:245,1,apkQQtiiE4JOuDIBvLOUjQ
DA:247,1,Nnqu9X+lU2lagW39QNhFWA
DA:248,1,w4O7NCyw3tobzzX0vAHWjQ
DA:249,1,gtF0XzKKQs3j66NoP4gGCg
DA:250,1,+xa6il1AZzpdvqhcCCHUuQ
DA:254,1,k3BfTQbYhssvPc0e/YFolQ
DA:257,1,D7oih1Q7PGtfEFzyQ81yJw
DA:51,0,tSLvwItEi8quPMv3RwYa8w
DA:208,0,23+eNxpkLudfj55SSjI+Bg
LF:116
LH:114
BRDA:24,0,0,1
BRDA:26,0,1,1
BRDA:27,1,0,1
BRDA:29,1,1,1
BRDA:0,2,0,1
BRDA:35,2,1,1
BRDA:0,3,0,1
BRDA:47,3,1,1
BRDA:72,4,0,1
BRDA:85,4,1,1
BRDA:76,5,0,1
BRDA:81,5,1,1
BRDA:0,6,0,1
BRDA:86,6,1,1
BRDA:0,7,0,1
BRDA:98,7,1,1
BRDA:108,8,0,1
BRDA:110,8,1,1
BRDA:124,9,0,1
BRDA:126,9,1,1
BRDA:0,10,0,-
BRDA:139,10,1,1
BRDA:0,11,0,-
BRDA:152,11,1,1
BRDA:0,12,0,1
BRDA:165,12,1,1
BRDA:0,13,0,1
BRDA:180,13,1,1
BRDA:0,14,0,1
BRDA:195,14,1,1
BRDA:208,15,0,-
BRDA:0,15,1,1
BRDA:217,16,0,1
BRDA:221,16,1,1
BRDA:219,17,0,1
BRDA:221,17,1,1
BRDA:223,18,0,1
BRDA:225,18,1,1
BRDA:228,19,0,1
BRDA:230,19,1,1
BRDA:239,20,0,1
BRDA:241,20,1,1
BRDA:242,21,0,1
BRDA:245,21,1,1
BRDA:241,22,0,-
BRDA:243,22,1,1
BRDA:250,23,0,1
BRDA:254,23,1,1
BRF:48
BRH:44
end_of_record
TN:
SF:nrt_logging\logger_stream_handlers.py
DA:1,1,SIVzqqktyD9y1k+jGq1LIg
DA:2,1,mUDsnWRiqW9R9nTILGKIZg
DA:3,1,0tRnYWT7fnP6+iJzpYJFFA
DA:4,1,7HpIEQVf5K0efdTzo05mJg
DA:5,1,WpEjgxacqgxANZhpobgHYQ
DA:6,1,u1AtizQ5LbMrQG/W4zuRvA
DA:7,1,gRHjawkciFUavd6j4zLvOw
DA:8,1,oYNxZuL5v5edZb0ebLyQ9A
DA:9,1,zG50o1p+rj2OVD7xT+nwOw
DA:11,1,0rtggl7y/VGucxmyqhA/1g
DA:12,1,wXAHyjk5gmD+9ACG1higrA
DA:14,1,TaWORnPJe7mL9kCgBFeN7w
DA:17,1,Y2KghlLA1RM6SK2sT0/YqQ
DA:18,1,cS/14IQs50WWPkqbeKXuaQ
DA:19,1,9UqaNHGnqC1331aJFVJ74w
DA:22,1,wlPBkCVyYFNNJe2mbOSzhg
DA:23,1,n2LtJVNX5xXbYsmanFxQhg
DA:24,1,WAWPW1XG1UQN/AHjipyWmQ
DA:26,1,Nnqu9X+lU2lagW39QNhFWA
DA:27,1,CyjkbTJoQSXVQwPmootfjA
DA:28,1,o7ZDxq8NkwrQb1h/XbDmbg
DA:30,1,ckY7E2GgkNdjamPbvQOLMg
DA:31,1,+gndSaW2hB4huGwh5G+aig
DA:32,1,y/KcDMP6CLbc6sHcnrTaMg
DA:34,1,7dwf9mQs5iEujIcloGmzbA
DA:36,1,Nnqu9X+lU2lagW39QNhFWA
DA:37,1,Eh2h4yh5vCN5KLm+Yuc/Kw
DA:38,1,ckY7E2GgkNdjamPbvQOLMg
DA:39,1,fgvbwlEe3ptkizloNTRkLg
DA:40,1,y/KcDMP6CLbc6sHcnrTaMg
DA:42,1,mqwzweBo2XKBJL1QEZhrcg
DA:45,1,4MsT4MbmNfbkuMDrkvWOpw
DA:46,1,2hhLpFEQ7Hd2HChYqQ42MA
DA:47,1,Su5wuf6v7Jvz9J9iC8CW0Q
DA:48,1,xrLToLvRWobuHXZqEYEFyg
DA:51,1,CT9XrugR0VmgtyLiirko8A
DA:52,1,+/p7W8/SGbxQ6eVdmSWyLg
DA:53,1,3pyqk/wIUg+chtiG1pN7WQ
DA:54,1,a9h49OIyUGpbpoGszrl+Mg
DA:55,1,maHKptUv9f3QHGbQxzS3Cw
DA:58,1,AO3b6NppqRMpSfp92p0i4w
DA:59,1,jNhojUOOMujCpF+BR2/a7w
DA:62,1,6gl5TZpMBvGf8yhaiCe4pQ
DA:63,1,aWWDXX8MGt4bUGZf60+Z7Q
DA:64,1,NUt0KpwlsUMIEA3rUYrc7A
DA:65,1,yBRCeBvy9cTw67mJD3UPrQ
DA:67,1,fSjh+uUZs6xnCOqD4Di5pg
DA:75,1,ufb4F/4BRjj7zHVcF40Ddg
DA:76,1,20d6cTCfG0KXKDgw7dZy3Q
DA:78,1,oWp8kiO+EKb/F1+iSVxz1w
DA:80,1,o8o0AplGRUE6Gxk/hrQHTg
DA:81,1,5LmRu43uGuSWmSGW3SITrQ
DA:82,1,CXGBWGRExeaqZJgASC2asg
DA:83,1,UgotXFKaPdUs21hzFwA9Pw
DA:84,1,sWsDeNgaT9ZP+7Woud9uhg
DA:85,1,J3L8LbPl1PjdqpS8++FdNg
DA:86,1,VHuZB88GoFgQgw58SlP3hA
DA:87,1,P1ej5GKsoIwhWSn1oh2Ytw
DA:88,1,YPoO/o4Ko8bzXN7ntyUVOg
DA:90,1,7iEvNwqK6u0iN2t+q48mbg
DA:92,1,RLRUv0VJpPepBr254Kk2Kg
DA:94,1,gFdnwIzxJ64X+nD2UauP7A
DA:95,1,UoIvFsQBJA/3Y46v1jIfeA
DA:96,1,AOQIasNMHE3HUZCDbGGlGQ
DA:98,1,lRGT68C+HshBEH8mi+heNA
DA:99,1,vYlXmNgqXqqpKBmCbcUZwA
DA:101,1,IKbHNW5F7aM6MRgW74YLIA
DA:102,1,5jmjjqJLfrRj+8BWt9izHw
DA:104,1,hdsOto2CTYvkpOw5FRMIDw
DA:105,1,rXHl8ke2jbYbKTXKDtHZ/A
DA:106,1,RMpW1nzRBNE4knyx4wXo9w
DA:107,1,QDUstIkyxr2L+qmNHLbRNQ
DA:108,1,JgMUtMXsIar5iBhxZd89NA
DA:109,1,mG58MJQ1p6rBQwZG1RfH5Q
DA:110,1,/kUamc3iVZD0QPT0b44Wdg
DA:112,1,XoVUOkRyu3PGO4dLV1agZw
DA:113,1,Emqh2LmdSCCjp2nn5+pqHg
DA:119,1,XoVUOkRyu3PGO4dLV1agZw
DA:120,1,IbQh0X1ddXO3q7uWYMv2Nw
DA:126,1,XoVUOkRyu3PGO4dLV1agZw
DA:127,1,qTIIHXbL+6RpUWPb99SWFA
DA:133,1,XoVUOkRyu3PGO4dLV1agZw
DA:134,1,OeCSDGbEaWsA//fGT9nVqw
DA:140,1,XoVUOkRyu3PGO4dLV1agZw
DA:141,1,Ikzq2106IxABx/RiRXWtxw
DA:147,1,XoVUOkRyu3PGO4dLV1agZw
DA:148,1,u9yYgYhgozts+YbtFPgUag
DA:154,1,XoVUOkRyu3PGO4dLV1agZw
DA:155,1,BqX2JNUJ8Wauai/ghs9dMQ
DA:158,1,NqEJ7enOsUPTz1o6a//N+Q
DA:159,1,sge3OFhynBjeGkUXdM5epA
DA:160,1,EKUoIBjiav3aFAPvxyn+rQ
DA:162,1,/G9JMqkQ7gaPqatN6Y34gQ
DA:163,1,CtFAI+kHPG5wPFOrhuNeJA
DA:164,1,MnzpXe1veqpfA7nIMRo0OA
DA:166,1,sge3OFhynBjeGkUXdM5epA
DA:167,1,+DoiM7FHFtFRJvQlg3XU9w
DA:168,1,T2qST6Qzuuu0Hgk1a9WJ3A
DA:170,1,HNrZHDPbq52o5DyitB1FRA
DA:171,1,J+XyOwaekFo2tQBZPzBryQ
DA:172,1,HihkOIActOoOm80DoI4How
DA:173,1,fxUBfQzb5TX/oW+iz1UBQA
DA:174,1,BnRplBPTMDEo3RdCBhnS7w
DA:176,1,LOYeLUy/Y1/z6fgaccjX6Q
DA:177,1,aMEfEy53WvtHh1EG4IdgFQ
DA:179,1,ipdTcNXid9DwkWiMa9yaiA
DA:181,1,3gq18a47moR66/nukwxvsw
DA:182,1,nYqurv6463xyvZr/8pmVgA
DA:183,1,jFruAwnMsPIVVfhF925OqQ
DA:184,1,PSbgSEucksr1qdLjPgo/OA
DA:188,1,HmADa1g/W1C2Vo9Wm4sNNA
DA:189,1,7FX1qAqtaHDXcsYvWDeIhQ
DA:190,1,z1Tz2vLjjNgNsnIDAHsSag
DA:192,1,MZHdvMJRcZb25Kliva5hUw
DA:193,1,zz4gTG5m+mkP4cxusHin2g
DA:194,1,ZBbMoSP1PcKCUMnhCUqppQ
DA:196,1,HmADa1g/W1C2Vo9Wm4sNNA
DA:197,1,X1X/65t6OS5HJO31Pq6CJA
DA:198,1,yrvus9pQuqcedu847uGAkg
DA:200,1,n9NF53gjuNr1T35VGws4iQ
DA:201,1,WDaDKRG/WwhxLYwwa2qxRA
DA:202,1,3v2gd7c2vj1r4R7oEwnXkA
DA:204,1,HmADa1g/W1C2Vo9Wm4sNNA
DA:205,1,AA6vAaFnHK55S5usgSKZDg
DA:206,1,VJKYWSndminAREGI/T/bcw
DA:208,1,wJeY9XhgT/NbYCQmRZSwKw
DA:209,1,efvMI+PhP+YBEKukxMphqg
DA:210,1,eYLs1s472B860StfAl5duw
DA:212,1,HmADa1g/W1C2Vo9Wm4sNNA
DA:213,1,HLiONr3c/fbKs0DO8aJFrw
DA:214,1,XW+EgsvE2++QPWG1OEzCjw
DA:216,1,EWaEIXYXFgJAHza8JMvPZw
DA:217,1,iQ/04zOH9Kytsilv5innCw
DA:218,1,cRd7mLDRysSXUrIY4i5CMQ
DA:220,1,HmADa1g/W1C2Vo9Wm4sNNA
DA:221,1,U47OoLiA+Ahreo7DUO8CPg
DA:222,1,x6IKY5q96ahdDTZzpQTm3g
DA:224,1,ZQl/bERUP5HdvFcqD38T3g
DA:225,1,OnzSSZu8uCJa/YZj1c/nMA
DA:230,1,Vv16R5yM/COMbLUjdrFmbg
DA:232,1,HmADa1g/W1C2Vo9Wm4sNNA
DA:233,1,erEfucSb39ZebZRniUl/0Q
DA:234,1,6OMhWYmhDc5rUCK88s1p3Q
DA:236,1,TZIs1DOp6cluoZPTji5CYQ
DA:237,1,UDwu2PBoS1ushdFNTJqo9Q
DA:238,1,u3TF9+uwKVrUvpFR5janeA
DA:240,1,HmADa1g/W1C2Vo9Wm4sNNA
DA:241,1,kyd/YVqmMRDZbFNwt2iUaA
DA:242,1,J1KfRP0iZkgmvaDa30kDGA
DA:244,1,0Q9GLng6Yar42acVH+r6zw
DA:245,1,rxGh3mEmlVWlK9R8QI26Fw
DA:246,1,saaCnOk6yeartzpo5RJl/Q
DA:248,1,URVCFuTOxDDUafBHy1Clig
DA:254,1,+i+n8IGmvXHTy/uREkUw8Q
DA:255,1,9Esmnw81mQVWQ0YikaSh/Q
DA:258,1,ngoEW/+me/GI9kokFMsB9Q
DA:259,1,lBBSeLMCfPVcmzgDze33VQ
DA:262,1,g4FjZlasPOFUozqVSQatLg
DA:265,1,e8PyQ3sfXg8R4b7ZRbpNZQ
DA:266,1,JWIzABjyc1UIUiCicplMRA
DA:270,1,JWIzABjyc1UIUiCicplMRA
DA:274,1,e+je+pt74WLbcMCn2VhK+g
DA:276,1,upEgT7FZxW3eRreikzMsDw
DA:278,1,Cah25zoCiSkkPEldv2yyzQ
DA:280,1,S4vN5lLF3VWfuC7h1igBuQ
DA:281,1,fq1+yYrgCppNqyN+6w9mpw
DA:283,1,Yan0kIYt7wPYMjqY6ezmbA
DA:285,1,OYkeXNQFuLFe3xvwrkudxQ
DA:291,1,+DoiM7FHFtFRJvQlg3XU9w
DA:293,1,NUstGjRBWyTmBtdopOis9Q
DA:295,1,R9WOR+mdyPl0w4bngfKvmg
DA:296,1,wzrwDQHXUdDjii2r7vyMjQ
DA:300,1,4x5SadF5ibDZDBoFDAlSsA
DA:301,1,IVxztyc+XDHuHIYfns6EQQ
DA:305,1,4T7MG94p7Th8vjMKd6GMGw
DA:312,1,+DoiM7FHFtFRJvQlg3XU9w
DA:313,1,VXF6Td7r90ZSH/6nk9l5wg
DA:314,1,mS7957tRJHqLqUCCejoYOA
DA:316,1,givHOTfQQwO+BCVwJXP/Bw
DA:324,1,+6GbF6cgNGXFCYD9JHd37A
DA:326,1,04M/jITqI7yVBhdn38DM2g
DA:327,1,mHzI5NAA+7Zj1xb1G4zY2A
DA:333,1,OqpkpKXdhzjBSq6iH8SM9g
DA:334,1,0IkPzR0Vvo4uCb7p2pJglw
DA:335,1,/Wg0TgLviDvfiqeTXcMKDA
DA:336,1,JWIzABjyc1UIUiCicplMRA
DA:341,1,UcLdoj7ddITqOIfdTMj9Tg
DA:342,1,08uoP1NE+S20TvvKSEfr4g
DA:344,1,R9WOR+mdyPl0w4bngfKvmg
DA:345,1,8lVIbVOJ+mkqFHNL9li8bw
DA:347,1,0w3u88A9KTAr9lVz9kBwwA
DA:348,1,8lVIbVOJ+mkqFHNL9li8bw
DA:353,1,J68UnHIECx171c7T/j5tKg
DA:355,1,Dm71iC+ZizM0vMNBLW3Tow
DA:374,1,bmT+6t0Zkq3KZo67dutYqA
DA:376,1,0DWq9tejBd+YL40kBukX3g
DA:377,1,z1FY6hyPBCbZwMZY9KnRLg
DA:380,1,4PvWUMmItZbStES0uDDGAw
DA:382,1,J/KP7MBICunLvQ8iXCbVgw
DA:385,1,foiOy1iTKgXS1uBhlyplsg
DA:388,1,vr0cIPl8/PJ1VxXOsFJhjQ
DA:390,1,W/g8GJDAYJkSSurt59Mzfw
DA:392,1,YYdco2njllEGHTRoD3dlBA
DA:395,1,A0KDLsNQdWWQzz9/FnKFKA
DA:397,1,XJCUyHFjUz9gPo6kxeXK6Q
DA:398,1,GfB4g74kDwX9Yfx1yD/vIA
DA:399,1,9RY9a8Wuqbw89BWWnWttZw
DA:401,1,WQqZIA2t/BReWwvKB1ZexA
DA:402,1,XR77bW+J/72+WNzcomm8yw
DA:404,1,k8PEQ33BhW3205YpW3dUSQ
DA:405,1,2huLD2jm23kyXLGRyn5BFg
DA:408,1,Y6GMauGj9KttTXAzkKGYXw
DA:409,1,LyRYBTs0Ub+zqAZx1q+cHA
DA:411,1,yQYdUgka2MrpOIB/DeUl6g
DA:413,1,ymcLXRscZnRMLzXqYsay1w
DA:417,1,MwFTF+l3Ze2DIWLBM29DjQ
DA:418,1,UIRTD7CE/kEuYal592aiug
DA:420,1,v8K2S8Bk+iQEYCXrkwNBnQ
DA:421,1,qHg6i56vJQALfD86//IECQ
DA:422,1,i+FgLYOe+PWpyjFNYSpDqA
DA:423,1,k+azLjI8K2+rTdz6oAWx2A
DA:425,1,bCiT1n83Bx6jPlW+/vcTyQ
DA:426,1,DLh3duTmwMbaSY0rYnnlRA
DA:428,1,gfq8ysCIWr9lLOnyzdVARQ
DA:429,1,UOCxeCKaqSTy3ZPiCoLlqw
DA:431,1,AN1orftEgCZvbOETjAXGJQ
DA:433,1,3dmZOYO/K9Z4Pc6Ma40yTA
DA:435,1,tZ7f/R14+yEsLIKcI8s+IQ
DA:437,1,fOVOj62DSgeHHA/gvPNEfw
DA:442,1,7t4fltKaFJxcuuydUjS+yQ
DA:444,1,TrvT8rJu5D8TQvDKm1PQvg
DA:445,1,8vJ/tNAdjm9GI05YqRdKhw
DA:446,1,91AtpFojP8WbKAEkShnuzw
DA:448,1,Wyz9VEx6lkGoC768U4WoWA
DA:450,1,YSQQtTTlV75I8dsdhSeJHw
DA:452,1,0kwFDkvjy2xkWeexoTFGwA
DA:455,1,HyQ6WVl+CXzZe2JXI2b7Vw
DA:459,1,TrvT8rJu5D8TQvDKm1PQvg
DA:460,1,Pl/J1+wu9Rkzuecq1x0JkA
DA:463,1,ovllbuYg6dhfOjp2eCgiNw
DA:465,1,9OeUa7hnWaNL3qB+nGPhCw
DA:474,1,AQewSK2hbXKbf5JaQFBJxw
DA:486,1,Ye7sFS8MBlYgA/QaYCNSAg
DA:496,1,oBrBrWfGLzEhqlwIHBicsA
DA:497,1,cd7tfZB+Q5/FZbs4k6Xi9g
DA:499,1,kl4GO24dyDgIgsgfj31RaQ
DA:500,1,33UF7fgplvcROdKA4L45Ig
DA:502,1,EB8qvQBumsQpAW20PWYvFA
DA:504,1,OileKvisqJ74SVTjwc5GHw
DA:505,1,M4gxw6kuta7Hy5YkC19/yg
DA:507,1,1AEhdP/E8TngjVWXiyppdg
DA:508,1,wzrwDQHXUdDjii2r7vyMjQ
DA:511,1,9wyyiRPbASH0eQ46b7eTFQ
DA:512,1,wzrwDQHXUdDjii2r7vyMjQ
DA:516,1,Soj0EbpI+hOi/kMsz6KQYA
DA:517,1,wzrwDQHXUdDjii2r7vyMjQ
DA:524,1,8tlQ4gNXGRHLBXamateBaw
DA:526,1,fOVOj62DSgeHHA/gvPNEfw
DA:531,1,YSQQtTTlV75I8dsdhSeJHw
DA:533,1,0kwFDkvjy2xkWeexoTFGwA
DA:536,1,AQewSK2hbXKbf5JaQFBJxw
DA:546,1,Gu2ktP78dXSEKnoJRfAQzg
DA:556,1,75GlREoeFt44oHuCUKQRfw
DA:566,1,5qySIhGZxfkmXyBdSPB1EQ
DA:567,1,OekpqAitKXPq41Xg7tIXhg
DA:568,1,kNEpe/wlbtywUWyychf4HA
DA:570,1,yfAgGq4oZ7MDTwxHcNdkBw
DA:571,1,uyCkgh4TCiA6r5+hlTxUZQ
DA:573,1,VZcjXkcpkwRqZDba9SuMxg
DA:578,1,ezd8cxb7bXV1Y2fFRE3hdA
DA:580,1,04M/jITqI7yVBhdn38DM2g
DA:581,1,2hP1lhOvEaUjZWfoOmX53Q
DA:583,1,tJliSt5Evxn6NT1ZfvJX+w
DA:585,1,I1OZB5oGuDnl6a4PQ//s6w
DA:586,1,AQewSK2hbXKbf5JaQFBJxw
DA:590,1,icH7NrJnXIFdBnYiI+kBqA
DA:591,1,m1ucBiQqy1Syv9aAm4N4xQ
DA:592,1,tzE4Wchdt44uAVi3icXiTg
DA:593,1,3Hcohfhcz64IkF1UD51SKA
DA:594,1,2uroO52d9QBNqEKqa1YmWQ
DA:595,1,cBXXiuUKbeCq++Ct0La00w
DA:596,1,0f98oOsmz+3LSH0kyVnNHA
DA:598,1,uUBcvU0tXrJQL5UNrFmwTg
DA:599,1,m1ucBiQqy1Syv9aAm4N4xQ
DA:601,1,/3KzCwJKd5trYZHIuOZLXg
DA:603,1,gFSPC/DZLYZFcvh6JSL0XA
DA:604,1,KbzvMhnpCZpC0O33RCdF7A
DA:605,1,2DAS1r/lNcM4pYA6XofDGg
DA:607,1,20whFnEe4AQmISlrZjNLwA
DA:609,1,bV+Dm2xBlsMKadiz9ECXFg
DA:610,1,NUstGjRBWyTmBtdopOis9Q
DA:611,1,cBXXiuUKbeCq++Ct0La00w
DA:613,1,QupQn5eHCB7elnja3LcZWg
DA:615,1,P5YdftFMSZKVG48HiP9tUQ
DA:616,1,dCt/OvnHRWYQlMUPm/T6tg
DA:617,1,z1FY6hyPBCbZwMZY9KnRLg
DA:619,1,0/+SFIljFpeHQVZVZKPgqQ
DA:620,1,c7tlqK2jlWEKj86KL6D1EA
DA:622,1,W/g8GJDAYJkSSurt59Mzfw
DA:624,1,Nnqu9X+lU2lagW39QNhFWA
DA:625,1,1K3UI32Fl6yGInkvc2kotw
DA:628,1,Nnqu9X+lU2lagW39QNhFWA
DA:629,1,vakqXJZD8ufBNfRPM+YAcA
DA:630,1,57FJdd7KBLwbKznNw03KLg
DA:632,1,Nnqu9X+lU2lagW39QNhFWA
DA:633,1,54pBeWGPd8qCHSD9pJGYhA
DA:636,1,Nnqu9X+lU2lagW39QNhFWA
DA:637,1,us6j9GzlL+R2kNn161j5Fg
DA:640,1,Nnqu9X+lU2lagW39QNhFWA
DA:641,1,usuOocEl3bVAglcnpB47ug
DA:644,1,Nnqu9X+lU2lagW39QNhFWA
DA:645,1,YpHapX6VA2ZIk/WWAYh9KA
DA:649,1,rf6mWpYMz/2Xfd3Ibunmjg
DA:651,1,Nnqu9X+lU2lagW39QNhFWA
DA:652,1,3Cq5Ad8BlK9M+htijWRtlQ
DA:662,1,rNTpMWK+25IertNNnCNPyQ
DA:664,1,Nnqu9X+lU2lagW39QNhFWA
DA:665,1,gSk77FqAB2JFx4LZOZjd3g
DA:667,1,AQewSK2hbXKbf5JaQFBJxw
DA:671,1,Nnqu9X+lU2lagW39QNhFWA
DA:672,1,uVIBhmnWluT7JFPJRU4nlA
DA:673,1,D8Jhs8VwP/mmdPH0hzZluA
DA:675,1,Nnqu9X+lU2lagW39QNhFWA
DA:676,1,x2frUjL0wHajZ1Dr9uK9UA
DA:678,1,N+UvdCZoKU6D7zVAWU0cTA
DA:680,1,Nnqu9X+lU2lagW39QNhFWA
DA:681,1,VdgJLtVSI2JD9+l9o1zyAQ
DA:683,1,AQewSK2hbXKbf5JaQFBJxw
DA:687,1,Nnqu9X+lU2lagW39QNhFWA
DA:688,1,IMLBOI0ibjd5Rk99oB5oIw
DA:691,1,euaizHK3/UrkMtxDun7t5Q
DA:693,1,5lxErB5IVkKQFZzlnM0lmw
DA:694,1,cAbx9IDN7qqnOS1Q779ifA
DA:696,1,kNEpe/wlbtywUWyychf4HA
DA:698,1,X2kbTTPbNgQOpcJxsIl1LA
DA:699,1,8h0p0DaCz02SoPVZWyAMQA
DA:700,1,4Zbw8kr6vTJWglUK9ecmEQ
DA:704,1,gdUvy1Y8vYw8QJ1+7GNJwQ
DA:706,1,qg/fETAVw4hdIaPBRLQZ0Q
DA:708,1,Nnqu9X+lU2lagW39QNhFWA
DA:709,1,1zIoHFMar0XO+Dv0QzHYbg
DA:710,1,GfUW8lF9ZVgQYWsDg5cnqg
DA:712,1,IyKLeg94lCADf3dKV5On3g
DA:714,1,xzwyv0D07h5pQNd5+muiiQ
DA:715,1,gCAZNDhLdPO1c49WCoqq5g
DA:716,1,5ThzBTzy0gXlOUi0KEEcCA
DA:718,1,Sjb4VN7ncGp5owUYdTCf8w
DA:720,1,yE/AWlQmKW2CezMQ4AjPoQ
DA:722,1,CXUh3NFGqXuNN0oEUi320Q
DA:724,1,Nnqu9X+lU2lagW39QNhFWA
DA:725,1,6emDA0uolRBALflBf0ytnw
DA:726,1,DhF+M4idwnnUSBgod1djoQ
DA:728,1,Nnqu9X+lU2lagW39QNhFWA
DA:729,1,Ppknt5Ze4fwUVIpGRkS1oQ
DA:730,1,xwpQ166f63m01RS9/FkVZQ
DA:733,1,rAfAIfVApBMVfPw214UbPg
DA:735,1,gFdnwIzxJ64X+nD2UauP7A
DA:736,1,WOwJxA6R7uUewE816b2YBA
DA:737,1,+0WjMFlVfpyRL5qVIcUEwQ
DA:738,1,773Q+tRLWCTNlvZy1Nc/Jw
DA:740,1,Emqh2LmdSCCjp2nn5+pqHg
DA:744,1,FgFGHWx6HU86PZT42/SYjw
DA:746,1,IbQh0X1ddXO3q7uWYMv2Nw
DA:750,1,CTwnABjibbw1PO1E4BwwoA
DA:752,1,qTIIHXbL+6RpUWPb99SWFA
DA:756,1,oRxIw6VDI9O9F0IPU0/AZw
DA:758,1,OeCSDGbEaWsA//fGT9nVqw
DA:762,1,tko6m1g7Qxomo96taFNOfA
DA:764,1,Ikzq2106IxABx/RiRXWtxw
DA:768,1,h+6KK9HRP7qFg6WZNWi/5g
DA:770,1,u9yYgYhgozts+YbtFPgUag
DA:774,1,v+JBp9besaetwFUwnWqCLQ
DA:776,1,BqX2JNUJ8Wauai/ghs9dMQ
DA:782,1,XHPv3gAAODnIWeHrqB+uWQ
DA:784,1,lHE6iYlR5ASdhNKFafzDlA
DA:786,1,Y/bsQkAzFWM2MQNtnzT1tQ
DA:787,1,WOwJxA6R7uUewE816b2YBA
DA:788,1,YquNbIVQv/jeYQWx5b1DhA
DA:789,1,zuUu66AaJvI++1zpnQQ1GQ
DA:791,1,Emqh2LmdSCCjp2nn5+pqHg
DA:795,1,FgFGHWx6HU86PZT42/SYjw
DA:797,1,IbQh0X1ddXO3q7uWYMv2Nw
DA:801,1,CTwnABjibbw1PO1E4BwwoA
DA:803,1,qTIIHXbL+6RpUWPb99SWFA
DA:807,1,oRxIw6VDI9O9F0IPU0/AZw
DA:809,1,OeCSDGbEaWsA//fGT9nVqw
DA:813,1,tko6m1g7Qxomo96taFNOfA
DA:815,1,Ikzq2106IxABx/RiRXWtxw
DA:819,1,h+6KK9HRP7qFg6WZNWi/5g
DA:821,1,u9yYgYhgozts+YbtFPgUag
DA:827,1,BqX2JNUJ8Wauai/ghs9dMQ
DA:828,1,IBoXut3G4x/pm9/LCVP/uA
DA:829,1,PgAuDGLqk6fAiKEbwuqIKg
DA:831,1,URVCFuTOxDDUafBHy1Clig
DA:837,1,77lj+UrsDdIYeqYiWVCG5w
DA:838,1,7gEETziH5oF1+rOT8O1UQw
DA:839,1,EpHlQwHaKaJyl+E7ePQheg
DA:186,0,apkQQtiiE4JOuDIBvLOUjQ
DA:414,0,5brLcCG72wC0yMh3CTBrgg
DA:626,0,HlS77CpG6UPm0BNi8PI42Q
DA:634,0,qb5pc049jgJhABH8ZpVgoA
DA:638,0,3ZQZFhy3En5m4XzExwAr0g
DA:642,0,JH/Qu5UUGhh4KtJd/xtzag
DA:825,0,v+JBp9besaetwFUwnWqCLQ
LF:404
LH:397
BRDA:31,0,0,1
BRDA:34,0,1,1
BRDA:30,1,0,1
BRDA:32,1,1,1
BRDA:39,2,0,1
BRDA:42,2,1,1
BRDA:38,3,0,1
BRDA:40,3,1,1
BRDA:52,4,0,1
BRDA:53,4,1,1
BRDA:98,5,0,-
BRDA:96,5,1,1
BRDA:99,6,0,1
BRDA:101,6,1,1
BRDA:104,7,0,-
BRDA:102,7,1,1
BRDA:164,8,0,1
BRDA:166,8,1,1
BRDA:171,9,0,1
BRDA:176,9,1,1
BRDA:170,10,0,1
BRDA:172,10,1,1
BRDA:177,11,0,1
BRDA:179,11,1,1
BRDA:186,12,0,-
BRDA:183,12,1,1
BRDA:182,13,0,-
BRDA:184,13,1,1
BRDA:0,14,0,1
BRDA:255,14,1,1
BRDA:259,15,0,1
BRDA:262,15,1,1
BRDA:266,16,0,1
BRDA:270,16,1,1
BRDA:278,17,0,1
BRDA:280,17,1,1
BRDA:283,17,2,1
BRDA:283,17,3,1
BRDA:296,18,0,1
BRDA:300,18,1,1
BRDA:327,19,0,1
BRDA:341,19,1,1
BRDA:0,20,0,1
BRDA:327,20,1,1
BRDA:327,20,2,1
BRDA:327,20,3,1
BRDA:327,20,4,1
BRDA:327,20,5,1
BRDA:327,20,6,1
BRDA:327,20,7,1
BRDA:327,20,8,1
BRDA:333,20,9,1
BRDA:334,21,0,1
BRDA:335,21,1,1
BRDA:342,22,0,1
BRDA:344,22,1,1
BRDA:345,23,0,1
BRDA:347,23,1,1
BRDA:374,24,0,1
BRDA:374,24,1,1
BRDA:376,24,2,1
BRDA:380,24,3,1
BRDA:380,25,0,1
BRDA:380,25,1,1
BRDA:382,25,2,1
BRDA:388,25,3,1
BRDA:398,26,0,1
BRDA:413,26,1,1
BRDA:399,27,0,1
BRDA:411,27,1,1
BRDA:402,28,0,1
BRDA:404,28,1,1
BRDA:405,29,0,1
BRDA:408,29,1,1
BRDA:414,30,0,-
BRDA:417,30,1,1
BRDA:429,31,0,1
BRDA:433,31,1,1
BRDA:0,32,0,1
BRDA:437,32,1,1
BRDA:437,32,2,1
BRDA:437,32,3,1
BRDA:437,32,4,1
BRDA:437,32,5,1
BRDA:437,32,6,1
BRDA:442,32,7,1
BRDA:445,33,0,1
BRDA:450,33,1,1
BRDA:446,34,0,1
BRDA:448,34,1,1
BRDA:460,35,0,1
BRDA:463,35,1,1
BRDA:0,36,0,1
BRDA:0,36,1,1
BRDA:474,36,2,1
BRDA:474,36,3,1
BRDA:474,36,4,1
BRDA:474,36,5,1
BRDA:474,36,6,1
BRDA:474,36,7,1
BRDA:474,36,8,1
BRDA:474,36,9,1
BRDA:474,36,10,1
BRDA:474,36,11,1
BRDA:474,36,12,1
BRDA:474,36,13,1
BRDA:474,36,14,1
BRDA:497,37,0,1
BRDA:499,37,1,1
BRDA:500,38,0,1
BRDA:504,38,1,1
BRDA:505,39,0,1
BRDA:507,39,1,1
BRDA:508,40,0,1
BRDA:511,40,1,1
BRDA:512,41,0,1
BRDA:516,41,1,1
BRDA:0,42,0,1
BRDA:526,42,1,1
BRDA:526,42,2,1
BRDA:526,42,3,1
BRDA:526,42,4,1
BRDA:526,42,5,1
BRDA:526,42,6,1
BRDA:531,42,7,1
BRDA:567,43,0,1
BRDA:578,43,1,1
BRDA:581,44,0,1
BRDA:583,44,1,1
BRDA:0,45,0,1
BRDA:601,45,1,1
BRDA:603,45,2,1
BRDA:616,46,0,1
BRDA:619,46,1,1
BRDA:620,47,0,1
BRDA:622,47,1,1
BRDA:694,48,0,1
BRDA:704,48,1,1
BRDA:715,49,0,1
BRDA:718,49,1,1
BRDA:0,50,0,-
BRDA:829,50,1,1
BRF:102
BRH:96
end_of_record
