TN:
SF:nrt_logging\config.py
DA:1,1,jEc91tz0B1b2beSYnS+UDQ
DA:3,1,TkdTY1aJYRsgoCX7IqBZHg
DA:4,1,Ee6SWi08DIfeTO2dXygIDg
DA:6,1,0rtggl7y/VGucxmyqhA/1g
DA:7,1,pOJEk71JGjmh+l6qleegDQ
DA:8,1,TaWORnPJe7mL9kCgBFeN7w
DA:9,1,X7mYpKJFOtw44prOTCtleA
DA:16,1,P7gxJaoZm3W/JTd1uywg2Q
DA:17,1,pr7dbhaeqkV90c8h7OYqqg
DA:18,1,utdf+hMr6aVRVOJ2Hcg2Cw
DA:19,1,79CDtDIm7AshlvBtODJD3g
DA:20,1,dEZqMd+GLp3+tYYpofW1Ug
DA:21,1,kvY86AKJgkunr7EuySMp1w
DA:22,1,fTH0UFVqyOKtlNyM/TvRsQ
DA:23,1,OA4V9v6ycuQuvVoC+0PQPA
DA:24,1,qUTA8393nspcAz7bpvq+Zw
DA:25,1,S2BiJ4ap87bIafUvvD7IzQ
DA:26,1,FPezRR1CZEUShlUYJ0jDcQ
DA:28,1,CXGBWGRExeaqZJgASC2asg
DA:29,1,UgotXFKaPdUs21hzFwA9Pw
DA:30,1,hCjipTo6nNs53fjBGyglhg
DA:31,1,7iEvNwqK6u0iN2t+q48mbg
DA:32,1,bEreJj7LAFS2qUFZBgeHQg
DA:34,1,+jzV8cFaPXLF2QzDYHtlqA
DA:35,1,QEAKT8b7s504VfOZ++Q1kA
DA:36,1,oLVmhJcXsh3ZPmYCX22t+g
DA:37,1,46DcJpBqk2bJkRx3M0aq5g
DA:39,1,kDQ27I1c0XEX4b7aR/qq2w
DA:41,1,RLRUv0VJpPepBr254Kk2Kg
DA:43,1,ettyjzJfIbpqjSQv2wZC3Q
DA:44,1,VAAp3ySW8zTwbl4OxVyL9g
DA:45,1,vqRHCNtxw6t0HwBCwqKtfg
DA:46,1,Yq4tVQzCGsZf6N5y27dBEQ
DA:47,1,X2WQqS9tvEkE4En8/jnl9w
DA:48,1,vSZxSQTNFseVBwaaTxgoHg
DA:49,1,UkLxWIYzRikBRPw1YpUcZg
DA:50,1,bMdqmoeQ2vQQnHQEQcgJew
DA:51,1,QQAt4iCrL/YgISotPCYZKA
DA:52,1,KlGzUzajdPX1Y6ScifQSQw
DA:53,1,8JtEYu10LX+uhtnEmah62w
DA:55,1,HmADa1g/W1C2Vo9Wm4sNNA
DA:56,1,AA6vAaFnHK55S5usgSKZDg
DA:57,1,VJKYWSndminAREGI/T/bcw
DA:59,1,HmADa1g/W1C2Vo9Wm4sNNA
DA:60,1,X1X/65t6OS5HJO31Pq6CJA
DA:61,1,yrvus9pQuqcedu847uGAkg
DA:63,1,HmADa1g/W1C2Vo9Wm4sNNA
DA:64,1,v/XgbSKdqKGoULc2WAAkmA
DA:65,1,dqx1RRGCZh83z2B2I3ZJ8Q
DA:67,1,HmADa1g/W1C2Vo9Wm4sNNA
DA:68,1,erEfucSb39ZebZRniUl/0Q
DA:69,1,6OMhWYmhDc5rUCK88s1p3Q
DA:71,1,HmADa1g/W1C2Vo9Wm4sNNA
DA:72,1,2MY5jsi/CNQoft03u+cu5Q
DA:73,1,x6IKY5q96ahdDTZzpQTm3g
DA:75,1,HmADa1g/W1C2Vo9Wm4sNNA
DA:76,1,cmfEa/cNKAcgFnLrkglEPQ
DA:77,1,1wmM4G9Y/q33M3rN72t0Rw
DA:79,1,HmADa1g/W1C2Vo9Wm4sNNA
DA:80,1,3Y3DtnnGl82MjnyRPjYOIw
DA:81,1,pAROqk3Xde/GjM1hOfo/Vw
DA:83,1,HmADa1g/W1C2Vo9Wm4sNNA
DA:84,1,SmeIuPW1Y/suVmXSyEQvqw
DA:85,1,OWGpeurPAT3MnmAbJ+9o1A
DA:87,1,HmADa1g/W1C2Vo9Wm4sNNA
DA:88,1,2eZzv4TnE/JWsDdL6tKCNQ
DA:89,1,p+ZhC7YEZEgv/SiQqFBayw
DA:91,1,HmADa1g/W1C2Vo9Wm4sNNA
DA:92,1,kyd/YVqmMRDZbFNwt2iUaA
DA:93,1,J1KfRP0iZkgmvaDa30kDGA
DA:95,1,n3pafsfsToniPzj39Oih7Q
DA:96,1,q10klu9Wf4i5j97AwHekPg
DA:98,1,uktMdGDXRKMaWtPYNvaSrw
DA:99,1,mJRCFR5nW68g0YkX2pZTmw
DA:101,1,32jnKrNg4kWPfA8avvcADw
DA:103,1,ZcgAGQwss2xbTLn7ui3evg
DA:104,1,tGiRYkt2SiXBitPDIUzxdA
DA:106,1,huj8Ild7aoqvftrya5BFUw
DA:107,1,xvWIcpcyNr0gyGcTkdMxXw
DA:108,1,oRXiVi9vXJE6Vw81o/msiw
DA:109,1,73DqMM/tqQHuZOmnv6mLRw
DA:110,1,ziMwbdP43Yl2rkv+Iw0+Vg
DA:114,1,8tufERkM+OjZyMnCiAXuPA
DA:115,1,MzTbPit10nFwLjL6o1nzNQ
DA:117,1,mZbch/yEY9tucdMcAGIN2Q
DA:118,1,xvWIcpcyNr0gyGcTkdMxXw
DA:119,1,mxqHz4aAEmFEvNeFzgqbdw
DA:120,1,73DqMM/tqQHuZOmnv6mLRw
DA:121,1,ziMwbdP43Yl2rkv+Iw0+Vg
DA:125,1,6H8e5XqG5WSYSMzKhfQRYg
DA:126,1,EJ0vGft/oWscs34FgSQ3qQ
DA:128,1,Bd09+1ZN/W51J6MlJalH1g
DA:129,1,pPuQi8BH6q8C171RMtr4AQ
DA:131,1,bpSMt12JbLCqfpIsT3nA0w
DA:132,1,ksrp7ij/v70oKR+IXBtexg
DA:134,1,xT7/4o0e6C6iV61U4CwGVw
DA:136,1,Bs3plveK9BU74N8Wxf4XVA
DA:137,1,tDwqtFTsHKWsPSWYSLLyqg
DA:138,1,Uk1iEqLYWHwxE4nbWtF0CQ
DA:139,1,exydPtrQ/vAYF0n3g3VzbQ
DA:140,1,iVdjCwDNu3Oug1voBDgXiQ
DA:141,1,eUpXCTrNchqfEWIn3GKu1g
DA:142,1,3s3HcOh6nSRpMt+st9b/xw
DA:146,1,ECDP3wP7xmUz36NhEIhTNQ
DA:148,1,JY3KSa/KE4KIGr+xCDjPXw
DA:149,1,U4vfAW63b2DnztcIQQYEMA
DA:152,1,O3xGO3XDgEz0VpM11IgwGQ
DA:153,1,T9JRYsFoUNeTYxO7TN/uiA
DA:155,1,pqltD8soIMSgMN/tXHANFA
DA:156,1,kUY986FyXvR0rOAbQCHbMw
DA:158,1,ulycztue2snB8Z5bsC7jtA
DA:159,1,14MlPIgyKemK5eKycgmcYQ
DA:161,1,yiLkwKDcp2k2PQbPS8AW9Q
DA:162,1,3ZoaPfan9qQsoYCt/Ha0+g
DA:164,1,svODl3LX/xKC8uiXhSgGtw
DA:165,1,ziMwbdP43Yl2rkv+Iw0+Vg
DA:168,1,Xz7xd2ZZ1PK920pjAx+DWg
DA:169,1,63tmNaq4F4My7qwsbZ4cdA
DA:171,1,wTkjFQeBxPmJUNjYEg2WIQ
DA:172,1,+7Xt5Y8uR0e8h5n6bvJYcQ
DA:175,1,Id5Kbm912CiNNzkTuBSfVg
DA:176,1,vtqhQ3N1WqlNZIgxEqddcw
DA:177,1,3VtxpQqr9HXP4F/UPGXhLw
DA:178,1,nbzOTcD9eFKV0cKfMozpVw
DA:180,1,dalud8JFfzwDrSrWp5Ztug
DA:181,1,vGWGDPlic32bExtHO1g04g
DA:182,1,QeEcgbvO2b3vKSHkOlLVDA
DA:184,1,ettyjzJfIbpqjSQv2wZC3Q
DA:185,1,jFaouDqa14Vh0xPkpR3caA
DA:186,1,gwbTvh+S7iBGQanGQkGLcQ
DA:187,1,D2Zqke5wUC5aCij2rrqkiw
DA:188,1,4G0B0BeXzn8snaA8ybL0BQ
DA:189,1,tx/1ikdFJKrCndBptXF6fg
DA:191,1,LiqgxZVTOpRP0HZjXXwlqw
DA:192,1,4wMSkZu3F+ETA7P3nfQokw
DA:193,1,MzNtlQl6hrfQSkDMDINuhA
DA:195,1,2GPpxYKKxR5z2e3f4NWVnw
DA:196,1,fSM+zQw51peDkqAKUuUrDw
DA:202,1,HmADa1g/W1C2Vo9Wm4sNNA
DA:203,1,7FX1qAqtaHDXcsYvWDeIhQ
DA:204,1,0HCXNPIBMjUv6S7Sk4nRmQ
DA:206,1,HmADa1g/W1C2Vo9Wm4sNNA
DA:207,1,DMB5paNwKScKWtM/76/Wwg
DA:208,1,xYUygrr9RK0sEj/DagfSbg
DA:210,1,HmADa1g/W1C2Vo9Wm4sNNA
DA:211,1,c4hde/GxM4oZgYxhJqnSVA
DA:212,1,bo31U8r8Di0IkkfVjCCP9w
DA:214,1,ht9Ltfj7T2m8AucFZvqiDg
DA:215,1,Ws1igk2X866DUroMq9T3Rg
DA:217,1,pVy3jJWfacPfTWuN0jSlRw
DA:218,1,HVyrBJ61ni9ux6MdUIeaUA
DA:221,1,xjcDBnSwra0OiNOAYAwoHA
DA:222,1,CkQIPp3AaAryy3MVDq1nZQ
DA:223,1,MQAw7ryZXIqoa+XVvQuYKQ
DA:224,1,HVyrBJ61ni9ux6MdUIeaUA
DA:228,1,jkXzH+pxBO4uqJbAuT42fg
DA:229,1,M15YkygFkDIxoowKxbiENA
DA:231,1,jPuAWRlKBzn2paTu7xgFzA
DA:232,1,fUcARYIQFX1q0vBijBlZCg
DA:234,1,WR5krfVAwQ0i+8G2xaITQg
DA:235,1,HVyrBJ61ni9ux6MdUIeaUA
DA:239,1,YquNbIVQv/jeYQWx5b1DhA
DA:242,1,7uZAgVIDaHGsgEv3D1DyWQ
DA:243,1,epVfExIQFa119jPUvJybGw
DA:244,1,jVuAsDjdGiUH5yQiGBla8Q
DA:246,1,dalud8JFfzwDrSrWp5Ztug
DA:247,1,GiTTpp9yjjuH3FknUypJtw
DA:249,1,k04rW5INf5B0Y0ID8lFlSw
DA:251,1,ettyjzJfIbpqjSQv2wZC3Q
DA:252,1,jFaouDqa14Vh0xPkpR3caA
DA:253,1,VxWiCfJO3Z3ocp5hjRbX5g
DA:254,1,4G0B0BeXzn8snaA8ybL0BQ
DA:255,1,/Ihj+/6dhSOCrTiTJ1sg5Q
DA:257,1,HmADa1g/W1C2Vo9Wm4sNNA
DA:258,1,7FX1qAqtaHDXcsYvWDeIhQ
DA:259,1,0HCXNPIBMjUv6S7Sk4nRmQ
DA:261,1,HmADa1g/W1C2Vo9Wm4sNNA
DA:262,1,qhqMGkShmBJn147ZoSUGKA
DA:263,1,yvFW+YTslb+JArCzo6RmQA
DA:265,1,HmADa1g/W1C2Vo9Wm4sNNA
DA:266,1,kyd/YVqmMRDZbFNwt2iUaA
DA:267,1,tSLvwItEi8quPMv3RwYa8w
DA:269,1,TQt99okBtwgtog7tY3itgA
DA:270,1,a3wfpdxK1FdBjt6abWBYNQ
DA:272,1,oiyaBw1rf7NnbzAeFPSAMA
DA:273,1,P+2cJ1Jkz4gOzcNX6PFzlw
DA:275,1,uzSZW+R/4lXPKGmpWp+1jQ
DA:276,1,FYJnSlJ/nFG8DokI3LCRvQ
DA:278,1,cuVELA0swhKO4B1ddsi+tw
DA:279,1,4k4PPyvzqGNbjUMafSS3KA
DA:283,1,BAnf0OlPCDG27hTpFEARYQ
DA:284,1,z3lQNw9lpusChvrVWmUYbw
DA:286,1,FFgIM74rHhalvRhBBj/QyQ
DA:288,1,5QfDpawk4Ele7MwXZKFy/A
DA:289,1,7YRWhuuFfWJiOOxXVGeMhQ
DA:290,1,msqT99kdzztTBk/HsJPX1g
DA:291,1,GTS0+c8BfFpJ4W2bJBwBBQ
DA:292,1,mkSuXFIKPFL/T08JZIMiWQ
DA:293,1,4G0B0BeXzn8snaA8ybL0BQ
DA:294,1,vW3CXR1TqBURF3X/VXXklA
DA:296,1,HmADa1g/W1C2Vo9Wm4sNNA
DA:297,1,etkHKTXiO6gd1jc99wSF6Q
DA:298,1,iEa5plFmiu9wjs6AmyiVsQ
DA:300,1,HXvW1tI01SPHfT1N/ucDPQ
DA:302,1,mLbs5KXaBCCBhqPDI1ygsw
DA:304,1,Wxbfg4/yUciDrSLfeEAZsQ
DA:306,1,Eb9k0JEUKpVo5h5ixioBDg
DA:307,1,TFi1YZA8zOyq6rAULYgEpA
DA:308,1,ueqtRS4x1oQWbBS/q4oiag
DA:310,1,rAkvqDWP58VlYgnueHtpOw
DA:311,1,3s3HcOh6nSRpMt+st9b/xw
DA:315,1,dicZYBuY6RnfT0GfnXpHFA
DA:317,1,OonwaIIsv+hSl9rLEUCMDQ
DA:320,1,xwuGylOAE1ugKS5IQ0kGJQ
DA:321,1,CE/6v93XsI3MUod+JdS0Eg
DA:322,1,mzSJhiZBJI4IOg64ON+toA
DA:324,1,n2oNXjIDn9f4Sx5dG8pKdw
DA:326,1,Nnqu9X+lU2lagW39QNhFWA
DA:327,1,Kbvdnsedm+3WG4aeetoS9g
DA:329,1,02nFyPDMx5+Rt+R7vRaNlg
DA:330,1,xIxlGe+3TCIqzIzfLEJ25g
DA:332,1,LnnRJLjdBUTKleKfN7HEYQ
DA:333,1,HVyrBJ61ni9ux6MdUIeaUA
DA:337,1,Nnqu9X+lU2lagW39QNhFWA
DA:338,1,2ox7jvzvgWc0DRPbL+6Bgg
DA:339,1,joHgdAfhIOXyI8OXolXuXw
DA:399,1,j/Zt0LxeRexw0XOnR6uO5A
DA:400,1,xjcDBnSwra0OiNOAYAwoHA
DA:401,1,gkEwaOen6aQAeXBgewPBRg
DA:402,1,KgZb3a6FpqY2LPzg1KjRww
DA:403,1,QgCcFSJG5CrWtN30+8UOdw
DA:409,1,Q0R6/TAaXD93Vo/e6K9/qw
LF:232
LH:232
BRDA:101,0,0,-
BRDA:99,0,1,1
BRDA:0,1,0,1
BRDA:107,1,1,1
BRDA:0,2,0,1
BRDA:118,2,1,1
BRDA:0,3,0,1
BRDA:137,3,1,1
BRDA:138,4,0,1
BRDA:146,4,1,1
BRDA:0,5,0,1
BRDA:156,5,1,1
BRDA:0,6,0,1
BRDA:162,6,1,1
BRDA:0,7,0,1
BRDA:165,7,1,1
BRDA:0,8,0,1
BRDA:172,8,1,1
BRDA:193,9,0,1
BRDA:195,9,1,1
BRDA:218,10,0,1
BRDA:221,10,1,1
BRDA:235,11,0,1
BRDA:239,11,1,1
BRDA:278,12,0,-
BRDA:276,12,1,1
BRDA:0,13,0,1
BRDA:279,13,1,1
BRDA:0,14,0,-
BRDA:307,14,1,1
BRDA:0,15,0,1
BRDA:308,15,1,1
BRDA:311,16,0,1
BRDA:315,16,1,1
BRDA:321,17,0,1
BRDA:324,17,1,1
BRDA:0,18,0,1
BRDA:322,18,1,1
BRDA:330,19,0,1
BRDA:332,19,1,1
BRDA:0,20,0,1
BRDA:333,20,1,1
BRF:42
BRH:39
end_of_record
TN:
SF:nrt_logging\exceptions.py
DA:1,1,jEc91tz0B1b2beSYnS+UDQ
DA:4,1,H5ctwyx43/sTO1VFHfL1WA
DA:5,1,I+IySF0cXOyB40aRyjrOUA
DA:6,1,T33gnmQcN3aYHm33sveZGQ
DA:7,1,EZRF0y33PqSmqf3ziTP8IQ
DA:9,1,QMSg8/krCMXOv0eRYY5oOw
LF:6
LH:6
BRDA:7,0,0,1
BRDA:9,0,1,1
BRF:2
BRH:2
end_of_record
TN:
SF:nrt_logging\log_format.py
DA:1,1,7HpIEQVf5K0efdTzo05mJg
DA:2,1,gRHjawkciFUavd6j4zLvOw
DA:5,1,07UQMsHH39vhP+lf05Rpmg
DA:6,1,+jWxpXatgGNRTGFVErn3/g
DA:7,1,vsgEwUPdGotaDtFOqrvfhQ
DA:8,1,9Xc21dsSMJ32sL1h7fXZ7g
DA:9,1,xIIsnrq0JATS5x8bVCLNpg
DA:10,1,kkyLmmAL87AYzxO36vVzCg
DA:11,1,+i+FLvdwYHQZGpJvfepJgQ
DA:13,1,qX1j7fTYq6hujQxIVMdBEw
DA:14,1,G29Q9+1Xfwate5AeOruBRg
DA:15,1,9T6FN1pYB94kldSrUyze1Q
DA:17,1,HmADa1g/W1C2Vo9Wm4sNNA
DA:18,1,5Vm9L4KArYhbOWSrx16eBA
DA:19,1,eazYsFVTs8/Y4RDXbDK/nw
DA:21,1,HmADa1g/W1C2Vo9Wm4sNNA
DA:22,1,PMx3Q9iGOKKzFib6apnOzA
DA:23,1,aka5wWZfe+FzDSFC2GhwsA
DA:25,1,j+CcxAIEiLeqjzkbiEHnZA
DA:26,1,EafycUxcozl3V0jLQjRFjQ
DA:28,1,Nnqu9X+lU2lagW39QNhFWA
DA:29,1,gPk7lMBTRGLpqaK9FTj2Bw
DA:30,1,o7ZDxq8NkwrQb1h/XbDmbg
DA:32,1,ohwq41GMxaQbcaUbh1zBTw
DA:33,1,fQzJmSt4NSbvbL0dCuI7Xw
DA:34,1,A9DkbhW7ejnUE8uzbsXNrA
DA:36,1,IUKhs9ob4Or9/+MX19gbIw
DA:39,1,CT9XrugR0VmgtyLiirko8A
DA:40,1,xe8CiGxSrjvB6dDAcO7S2g
DA:41,1,uOp5TQwRKF57e6HI4mJYmA
DA:43,1,v/KPI7X/OVs7KHxiAM6WdA
DA:46,1,CT9XrugR0VmgtyLiirko8A
DA:47,1,8pTTRje5JXviw4xuRPAo3Q
DA:48,1,oYefdc92/T0xhmxfeHMSKQ
DA:58,1,3X1yc7rlSWa2A1dW/q5zcA
DA:60,1,Nnqu9X+lU2lagW39QNhFWA
DA:61,1,Gy43rDIiVPbJQ93oqUrioA
DA:62,1,kPUU967TR4L1z0kBP9z+fw
DA:63,1,zUiBM3sPo2JmyKUQIEXkpA
DA:65,1,syY5PTmeSKZwtDljBqpA0w
DA:66,1,6qIx0Wbp2MxgGw4noWvS7Q
DA:68,1,4MRsc3BuL7//R2uo6iAiAQ
LF:42
LH:42
BRDA:33,0,0,1
BRDA:36,0,1,1
BRDA:32,1,0,1
BRDA:34,1,1,1
BRDA:40,2,0,1
BRDA:41,2,1,1
BRDA:47,3,0,1
BRDA:48,3,1,1
BRDA:63,4,0,1
BRDA:65,4,1,1
BRDA:66,5,0,1
BRDA:68,5,1,1
BRF:12
BRH:12
end_of_record
TN:
SF:nrt_logging\log_level.py
DA:1,1,gRHjawkciFUavd6j4zLvOw
DA:4,1,+Ako2MBzATFcCjMQxiRg2A
DA:5,1,ZhAGrHo2KXZjVKUrYDzH/g
DA:6,1,wSeMSlbttkkDF1vqEl6bXg
DA:7,1,E6m6vy03D7Z/v/O4A3HHIg
DA:8,1,Vj7a5+cDAy86RqkB3/7SSA
DA:9,1,lixlWpUWMlwlI5eD5/P1wA
DA:10,1,1EprCezgCCdePk4h3kiU+Q
DA:12,1,M1PxRBbO5YFINBVhUbMlsg
DA:13,1,Bx05P9YXab41Ey4LQvHaIQ
DA:15,1,ovL+DZA8iIU6vgaCvI/v5w
DA:16,1,lPaAuYink1qcwU4vV8cyzg
DA:18,1,X115G4CwmLkek13LoY9EUg
DA:19,1,6x7mhBtpH4t99rroK6MuBQ
DA:21,1,gUM9Aa7eTglu0cO0NiJL7Q
DA:22,1,rprHyt++Ey39EuZ1Bwrq9g
DA:24,1,aLO4mh4jdTRyoLeCa5v96A
DA:25,1,ZL+yJTG0Wbmi4ERSUrVoNA
DA:27,1,LsZ+fAoV8jIOXTo0X1AJZA
DA:28,1,+2b2al+C/3SU7L/jwdo82w
DA:30,1,GJPDQGaguJwOJmbL3MX44w
DA:31,1,hdUcUx/Pjs6CvfcnmJqAwQ
DA:33,1,Nnqu9X+lU2lagW39QNhFWA
DA:34,1,gPk7lMBTRGLpqaK9FTj2Bw
DA:35,1,o7ZDxq8NkwrQb1h/XbDmbg
DA:37,1,FCHIR7AAPlNNtX9yJnPocw
DA:38,1,FhUWeR+6QBZ2Dr0daET/bQ
DA:39,1,iW/Hwztl0xB7vK9GzUHHwQ
DA:41,1,b6wE3RWXWARLJ2sHuukEkw
DA:44,1,HjWNDlgnYt54jGKDgz9hjQ
LF:30
LH:30
BRDA:38,0,0,1
BRDA:41,0,1,1
BRDA:37,1,0,1
BRDA:39,1,1,1
BRF:4
BRH:4
end_of_record
TN:
SF:nrt_logging\logger.py
DA:1,1,jEc91tz0B1b2beSYnS+UDQ
DA:3,1,TaWORnPJe7mL9kCgBFeN7w
DA:4,1,X7mYpKJFOtw44prOTCtleA
DA:8,1,+TFWot691PjR2ew+QRIJ6g
DA:9,1,/ZvqiDY7XVzMiSFdpC6ZCg
DA:21,1,WKnVCxxosYsvo8XNdf/uQQ
DA:22,1,k7Kyj8sPQ7jYJ8QSEFMqQQ
DA:24,1,k04rW5INf5B0Y0ID8lFlSw
DA:26,1,A2jHRUdLlHc63WlCOHN92g
DA:36,1,aTrM4FfXdTmWHpzPNTfc3g
DA:37,1,OVv7CfHNSi618MmaQjah0A
DA:39,1,Emqh2LmdSCCjp2nn5+pqHg
DA:44,1,kczg2LiRhOwEbjXaTlvX9g
DA:45,1,eL353liPnbxKJq8Dxqn87w
DA:47,1,FNs1wXBWmM93KO3RO4Eb1w
DA:48,1,VCNO34p/6jkf74WKZ9BtgQ
DA:50,1,IbQh0X1ddXO3q7uWYMv2Nw
DA:55,1,N+R3T0o8kR3UlKETLxBG0w
DA:56,1,eL353liPnbxKJq8Dxqn87w
DA:58,1,FNs1wXBWmM93KO3RO4Eb1w
DA:59,1,vVyZ5TIusweuvkpPejsDNA
DA:61,1,qTIIHXbL+6RpUWPb99SWFA
DA:66,1,O3Gy4n4o4FnDTEn+C6rtcA
DA:67,1,eL353liPnbxKJq8Dxqn87w
DA:69,1,FNs1wXBWmM93KO3RO4Eb1w
DA:70,1,3IQaZu8hSvV5uQaWowdkYw
DA:72,1,OeCSDGbEaWsA//fGT9nVqw
DA:77,1,L6leWWXWerIcrViaDAy+nw
DA:78,1,eL353liPnbxKJq8Dxqn87w
DA:80,1,FNs1wXBWmM93KO3RO4Eb1w
DA:81,1,gM3pEn2XC5qKl+17waj0TQ
DA:83,1,Ikzq2106IxABx/RiRXWtxw
DA:88,1,ojG9UjH23anIT6Iv8q60hA
DA:89,1,eL353liPnbxKJq8Dxqn87w
DA:91,1,FNs1wXBWmM93KO3RO4Eb1w
DA:92,1,oiHWb36+fAGiCrp5ipFwpw
DA:94,1,u9yYgYhgozts+YbtFPgUag
DA:99,1,D5DFBvbF3WElTdnR01zdyA
DA:100,1,eL353liPnbxKJq8Dxqn87w
DA:102,1,FNs1wXBWmM93KO3RO4Eb1w
DA:103,1,GNQsuLHOOy5jajvaS1jgdw
DA:105,1,NqEJ7enOsUPTz1o6a//N+Q
DA:106,1,4mE02aUK/bgLmDlEgyS//A
DA:107,1,rlPTKlLSa7yY+fABLzuPJw
DA:109,1,/G9JMqkQ7gaPqatN6Y34gQ
DA:110,1,4mE02aUK/bgLmDlEgyS//A
DA:111,1,loo0tdEcQ9NK46Czm+Obug
DA:113,1,HW94CogYwtP7T4JqEjfSiA
DA:127,1,guJchnelXJWsAJ5yrg4Nxw
DA:128,1,eF84OhoS6iXydA50jJtlsg
DA:130,1,BpCRGRpOeLC3L+FGdEvv6w
DA:131,1,solpdoazuUuaBDi+Qdr9mA
DA:133,1,NBamD4Unf0YSXnkjOneFMA
DA:135,1,cBWitxyaWKAz5GmlqwVToQ
DA:136,1,4mE02aUK/bgLmDlEgyS//A
DA:137,1,oc8Zuo6ZeiwdNYMGmc3pJg
DA:139,1,OVv7CfHNSi618MmaQjah0A
DA:141,1,e4A3f7zI9AHHprVzlSr8Lw
DA:144,1,aTrM4FfXdTmWHpzPNTfc3g
DA:146,1,/7qCb+NSK/h8OHJdvRWBSg
DA:147,1,Cz2FbSkpskg3MvLWdj+blg
DA:149,1,HmADa1g/W1C2Vo9Wm4sNNA
DA:150,1,AA6vAaFnHK55S5usgSKZDg
DA:151,1,irCKPQquOgDGimuWXKcwfw
DA:153,1,wJeY9XhgT/NbYCQmRZSwKw
DA:154,1,efvMI+PhP+YBEKukxMphqg
DA:155,1,aTrM4FfXdTmWHpzPNTfc3g
DA:157,1,HmADa1g/W1C2Vo9Wm4sNNA
DA:158,1,kyd/YVqmMRDZbFNwt2iUaA
DA:159,1,tSLvwItEi8quPMv3RwYa8w
DA:161,1,0Q9GLng6Yar42acVH+r6zw
DA:162,1,rxGh3mEmlVWlK9R8QI26Fw
DA:163,1,Y10/JmBSOOUBIZz6uRImCQ
DA:165,1,b6afIIT9E8W6Uqsc14O8Yw
DA:166,1,DFOFdXd0Mt8q/yIKgwFDSQ
DA:167,1,VKd139kJTBOiNopVxQdUsg
DA:169,1,wg4z4WbrGVOMjb5JozVeTw
DA:170,1,Hz4Vp9pPPHYvJtVeB29Irg
DA:171,1,+xa6il1AZzpdvqhcCCHUuQ
LF:78
LH:79
BRDA:0,0,0,-
BRDA:45,0,1,1
BRDA:0,1,0,1
BRDA:48,1,1,1
BRDA:0,2,0,1
BRDA:56,2,1,1
BRDA:0,3,0,1
BRDA:59,3,1,1
BRDA:0,4,0,1
BRDA:67,4,1,1
BRDA:0,5,0,1
BRDA:70,5,1,1
BRDA:0,6,0,1
BRDA:78,6,1,1
BRDA:0,7,0,1
BRDA:81,7,1,1
BRDA:0,8,0,1
BRDA:89,8,1,1
BRDA:0,9,0,1
BRDA:92,9,1,1
BRDA:0,10,0,1
BRDA:100,10,1,1
BRDA:0,11,0,1
BRDA:103,11,1,1
BRDA:0,12,0,1
BRDA:107,12,1,1
BRDA:0,13,0,1
BRDA:111,13,1,1
BRDA:128,14,0,1
BRDA:130,14,1,1
BRDA:131,15,0,1
BRDA:133,15,1,1
BRDA:137,16,0,1
BRDA:139,16,1,1
BRDA:0,17,0,1
BRDA:147,17,1,1
BRDA:0,18,0,1
BRDA:167,18,1,1
BRDA:0,19,0,1
BRDA:171,19,1,1
BRF:40
BRH:39
end_of_record
TN:
SF:nrt_logging\logger_manager.py
DA:1,1,jEc91tz0B1b2beSYnS+UDQ
DA:3,1,3Jw8r7jrE1ThfnH5scPT4g
DA:5,1,+MSzhKeCpoJxsfuyl9MGug
DA:6,1,c/MY/vPb8WXNOo1PQDngdg
DA:7,1,uWA+kORC4FzlXq2t6GhBMg
DA:10,1,OPYhcITopNATM2HLRq+7Bg
DA:11,1,lkKIrcR8Y3YcqnWgxJzQyw
DA:12,1,u8KHDuYpcGXIQYx6FjKS0g
DA:13,1,bpnsZNwSIJ/hEv8pAAK0Eg
DA:15,1,k04rW5INf5B0Y0ID8lFlSw
DA:17,1,gFdnwIzxJ64X+nD2UauP7A
DA:18,1,rR5Aor/GbMrbWFq0Yj8avQ
DA:19,1,SAcyp/278sT2kp/cthaS4Q
DA:21,1,At7EzKjRhsG05GQczticTA
DA:23,1,LXL8hPHwgcMoWsTByFn+Ew
DA:24,1,U3BHHIUaDCbvGKYoTImNzA
DA:26,1,522aFXO653f4e4JDaZBSiA
DA:27,1,xZrImNbkyTqR9z9pGA23Bw
DA:29,1,YYztg7tZESaYkRYxAL20dA
DA:31,1,5u7XQbwsfvC6VU0Mf1wkcw
DA:32,1,LQlO/lCqdWzsGl4Aox6mZw
DA:34,1,uM49SS43fqnjOheZw4LSTw
DA:35,1,ZTANVn9WUl6YivFIF3ZaGA
DA:36,1,kuxVmGk+UZL7sDb0ZS/qgw
DA:38,1,0akUBtMDnBxlrxnD2X6c3Q
DA:39,1,bQ2eqxz+sUxVt9lgXj5qgA
DA:41,1,YaFWW4q9Ci+9wg3P3iY92g
DA:42,1,yeL3nQag5t7aunZXYxe7qw
DA:44,1,RZfDeGb1fu9Ixk8SbXOxWA
DA:47,1,rDErZ8KmWOI8M0oOGDfkTQ
DA:50,1,1/zKcgzWjFX1ttL3sjI/Pw
DA:52,1,KsJe6qypETm3rcC0+puEXw
DA:53,1,tKJn/Jy8uoI+0u0MKA/vAw
DA:55,1,HmADa1g/W1C2Vo9Wm4sNNA
DA:56,1,kyd/YVqmMRDZbFNwt2iUaA
DA:59,1,0Q9GLng6Yar42acVH+r6zw
DA:60,1,rxGh3mEmlVWlK9R8QI26Fw
DA:61,1,Y10/JmBSOOUBIZz6uRImCQ
DA:63,1,nppS6BZ4ejWBvJTLdnJ75g
DA:68,1,rMUytF1emgMRyri/ycJuWQ
DA:70,1,LslZBrH1I+WnF5Xzr3aKQA
DA:72,1,iPvFjMadB321XjXTVMXKrQ
DA:74,1,s7+S8WT4jxqIR5kFDMaLag
DA:76,1,oNgvdb6AF23Dd1XWnyWT3A
DA:78,1,MuWG4sOnV00sJFB3q0A0NA
DA:81,1,BDHC23SNBRPdIQVl1QN/+Q
DA:82,1,39duyBjra/FdzJzNc8Hdpw
DA:85,1,xgTwY7a/HVH1uXJFLFev5g
DA:87,1,zqLpSx8/0fwNNN0qJUHDdQ
DA:88,1,DmM1r9nD7LG9tyJ6tgGq7Q
DA:91,1,mr1b6Y4vfphl/9xVLeylIA
DA:92,1,yTiFTwBDBWqyxGXWbxqe+Q
DA:94,1,rR7ueApE+sAFMKtU/EMKPw
DA:99,1,43zPC9RcEPjJnQwYAUQf4Q
DA:103,1,tw6/BeGDLlCRZZsatP4HyA
DA:104,1,gAf4MAvTnZpXGX87jP/sNA
DA:106,1,ZeOEcXqHVaoCCOq2rLHXZg
DA:111,1,/glYKUXDMEfjqFJVquqktA
DA:113,1,CmCCRxr6ONwZUHqFR0jqww
DA:114,1,xvJf2PRGqAGGXdM0wcyudw
DA:116,1,G9cuFvJTM+/0SEd+Kxt8+w
DA:118,1,9u//AnAjiQIdo0Wa0+YWzQ
DA:120,1,P1tXDChmYSMjfFsrU7rVkA
DA:122,1,bvFq958nBdav+Ss1l/eLjQ
DA:124,1,DNqB4TxbFU2xiokLaV8zqQ
DA:126,1,FFl2aUej3ePBAC1E3joswQ
DA:128,1,u7Yp6LuFNjA4mFQOt+IFmw
DA:130,1,53c1uHVyeuiNvHn7v8Wy3w
DA:132,1,xfaXCe2K/u8GVjOBHaD8uw
DA:134,1,Wb6B088E7RXCR8j2J+x/3w
DA:137,1,ztsutJEQxouritqbkJAJIw
DA:138,1,6DbtdPnBPQhR0JsD69jrrA
DA:140,1,HBC+r+JaFM8RckuyBbzkmw
DA:142,1,GM+Q1nF+r51w/nnsIVCwkg
DA:148,1,43zPC9RcEPjJnQwYAUQf4Q
DA:152,1,tw6/BeGDLlCRZZsatP4HyA
DA:153,1,zES7Z1JKyRaOSuA6eNYM8w
DA:155,1,vfrdaPpm4zw3YtoGSa8Ghw
DA:161,1,VY4Hw4dgoZKezqsGa0nOBQ
DA:165,1,kRZgwVcxnpPlRiIZ29uWSA
DA:166,1,f/c7736XxsYuZRnNwGo+hg
DA:168,1,POxAfAOLZX7JG+Noa/2BVw
DA:174,1,WLkWyC96wx/GdCTk3qeEfw
DA:178,1,1VgXGKus3JpOqWiXn2HJiQ
DA:179,1,qBwe7sid1/bcwyqgznkvXQ
DA:181,1,8tnSk3XckskVIEvaLVeQPA
DA:187,1,8Uk0XNKph4au0EtMnFXf7g
DA:193,1,PUvmPh+nVgdV9NAhOF8Pcg
DA:194,1,MgLBAeWvTm4GH4sY4BRlBw
DA:196,1,bxcRST4MkE9NVfJcp9KQcA
DA:202,1,tv8Vqk+j2/aDVwQjdNRMBA
DA:208,1,3TN6Lg31VPsv2Ban/DwGfQ
DA:209,1,aN+TyCxlueiHkTwuctOtQA
DA:211,1,K2VziMGDkVAuhtRifV+qfA
DA:217,1,eaRKt0MeOdaP6tys5UwHKw
DA:221,1,vHw98mpLHJnhJPgd6KM//Q
DA:224,1,hQAsqDgQQZOYVHGoCJbxzQ
DA:230,1,VBCIs27z9Lma7vicLUeNeQ
DA:236,1,BFWixuVUulmJy15D1wk2Eg
DA:237,1,oaH09C0KKZN0bf/ILLiUHg
DA:239,1,o7JJExxuLtMJNKNE8pTc5g
DA:245,1,qHBAwOJOdzB54jT1x0F0zg
DA:251,1,rBt50C9qUC0FFqCbQrKcmA
DA:252,1,/iVVMaPTFyp547D04bZbng
DA:254,1,dy0IcRAVljKppEaKbGjKDw
DA:260,1,MS3piHbHC3LKH53A9tp/uA
DA:266,1,xYd1w8IE3Kp2YWvt1UUkaw
DA:267,1,NPd4dKAfH4pyUDSuOwwKZA
DA:269,1,7aOvCXqYWZ2XmusDSVrSTA
DA:275,1,Fqnmd7i1yfD08i+3BAc+Tg
DA:281,1,wTkjFQeBxPmJUNjYEg2WIQ
DA:282,1,/myGxbhVsQgzOAh5tOvsFg
DA:284,1,y957kfibi4TL7TDxEVqplQ
DA:290,1,IkcmFAhlmNnVrsPNZAtT3g
DA:291,1,cwZbfHpOnvjmg1jEbIincw
DA:292,1,hF1E7bTzbeE9dwSBb9aqQQ
DA:293,1,BgQy035A69nUiYbkb8mGiw
DA:295,1,cj3xKs/Zgz/yYiDni/HhuA
DA:296,1,hhJYTlsf0FL8q/5y/ANXGg
DA:297,1,8W/Wtc+FyickaW0VEbSgqQ
DA:299,1,fzHb6dLNiwuyYt7/rhsikQ
DA:301,1,5/R95Ejo02su94GjBaqHlg
DA:302,1,KA19j/ZVe5GE9YI8vg+FEg
DA:304,1,apkQQtiiE4JOuDIBvLOUjQ
DA:306,1,Nnqu9X+lU2lagW39QNhFWA
DA:307,1,Ikkg16IbxUXWPAlCviaCUg
DA:312,1,LwtEAflCMSSBuNHViDkemg
DA:313,1,Dwjd91USmMoWKfkSCVg/jg
DA:315,1,yeZN5x4V8LR6BpPnSdgmCQ
DA:316,1,6YR9jfcqgWN8A6Po7X/njg
DA:317,1,YWaHqvNDY32joYOAA4T7YQ
DA:319,1,apkQQtiiE4JOuDIBvLOUjQ
DA:321,1,Nnqu9X+lU2lagW39QNhFWA
DA:322,1,w4O7NCyw3tobzzX0vAHWjQ
DA:323,1,gtF0XzKKQs3j66NoP4gGCg
DA:324,1,+xa6il1AZzpdvqhcCCHUuQ
DA:328,1,k3BfTQbYhssvPc0e/YFolQ
DA:331,1,D7oih1Q7PGtfEFzyQ81yJw
DA:57,0,tSLvwItEi8quPMv3RwYa8w
DA:222,0,23+eNxpkLudfj55SSjI+Bg
LF:140
LH:138
BRDA:24,0,0,1
BRDA:26,0,1,1
BRDA:27,1,0,1
BRDA:29,1,1,1
BRDA:0,2,0,1
BRDA:35,2,1,1
BRDA:0,3,0,1
BRDA:42,3,1,1
BRDA:0,4,0,1
BRDA:53,4,1,1
BRDA:78,5,0,1
BRDA:91,5,1,1
BRDA:82,6,0,1
BRDA:87,6,1,1
BRDA:0,7,0,1
BRDA:92,7,1,1
BRDA:0,8,0,1
BRDA:104,8,1,1
BRDA:114,9,0,1
BRDA:116,9,1,1
BRDA:138,10,0,1
BRDA:140,10,1,1
BRDA:0,11,0,-
BRDA:153,11,1,1
BRDA:0,12,0,-
BRDA:166,12,1,1
BRDA:0,13,0,1
BRDA:179,13,1,1
BRDA:0,14,0,1
BRDA:194,14,1,1
BRDA:0,15,0,1
BRDA:209,15,1,1
BRDA:222,16,0,-
BRDA:0,16,1,1
BRDA:0,17,0,-
BRDA:237,17,1,1
BRDA:0,18,0,-
BRDA:252,18,1,1
BRDA:0,19,0,-
BRDA:267,19,1,1
BRDA:0,20,0,-
BRDA:282,20,1,1
BRDA:291,21,0,1
BRDA:295,21,1,1
BRDA:293,22,0,1
BRDA:295,22,1,1
BRDA:297,23,0,1
BRDA:299,23,1,1
BRDA:302,24,0,1
BRDA:304,24,1,1
BRDA:313,25,0,1
BRDA:315,25,1,1
BRDA:316,26,0,1
BRDA:319,26,1,1
BRDA:315,27,0,-
BRDA:317,27,1,1
BRDA:324,28,0,1
BRDA:328,28,1,1
BRF:58
BRH:50
end_of_record
TN:
SF:nrt_logging\logger_stream_handlers.py
DA:1,1,SIVzqqktyD9y1k+jGq1LIg
DA:2,1,7Z9Lj4ed27Wf2hBX6jooEA
DA:3,1,mUDsnWRiqW9R9nTILGKIZg
DA:4,1,zyZgoM+E8Ui7MCtwqiF+Nw
DA:5,1,0tRnYWT7fnP6+iJzpYJFFA
DA:6,1,7HpIEQVf5K0efdTzo05mJg
DA:7,1,WpEjgxacqgxANZhpobgHYQ
DA:8,1,gRHjawkciFUavd6j4zLvOw
DA:9,1,OrE44BifdH7aJOJpCyamuQ
DA:10,1,ljThJU+kMgRM3oM++EEpnw
DA:11,1,d+/bNEHxQSCoXIexSvtuIQ
DA:12,1,u1AtizQ5LbMrQG/W4zuRvA
DA:13,1,H9bPs4og7Np8TOcsyfUt5Q
DA:14,1,zG50o1p+rj2OVD7xT+nwOw
DA:15,1,xllHlFEIfS5889X+NXN/ig
DA:17,1,0rtggl7y/VGucxmyqhA/1g
DA:18,1,wXAHyjk5gmD+9ACG1higrA
DA:20,1,TaWORnPJe7mL9kCgBFeN7w
DA:23,1,Y2KghlLA1RM6SK2sT0/YqQ
DA:24,1,cS/14IQs50WWPkqbeKXuaQ
DA:25,1,9UqaNHGnqC1331aJFVJ74w
DA:28,1,wlPBkCVyYFNNJe2mbOSzhg
DA:29,1,n2LtJVNX5xXbYsmanFxQhg
DA:30,1,WAWPW1XG1UQN/AHjipyWmQ
DA:32,1,Nnqu9X+lU2lagW39QNhFWA
DA:33,1,CyjkbTJoQSXVQwPmootfjA
DA:34,1,o7ZDxq8NkwrQb1h/XbDmbg
DA:36,1,ckY7E2GgkNdjamPbvQOLMg
DA:37,1,+gndSaW2hB4huGwh5G+aig
DA:38,1,y/KcDMP6CLbc6sHcnrTaMg
DA:40,1,7dwf9mQs5iEujIcloGmzbA
DA:42,1,Nnqu9X+lU2lagW39QNhFWA
DA:43,1,Eh2h4yh5vCN5KLm+Yuc/Kw
DA:44,1,ckY7E2GgkNdjamPbvQOLMg
DA:45,1,fgvbwlEe3ptkizloNTRkLg
DA:46,1,y/KcDMP6CLbc6sHcnrTaMg
DA:48,1,mqwzweBo2XKBJL1QEZhrcg
DA:51,1,4MsT4MbmNfbkuMDrkvWOpw
DA:52,1,2hhLpFEQ7Hd2HChYqQ42MA
DA:53,1,Su5wuf6v7Jvz9J9iC8CW0Q
DA:54,1,xrLToLvRWobuHXZqEYEFyg
DA:57,1,CT9XrugR0VmgtyLiirko8A
DA:58,1,+/p7W8/SGbxQ6eVdmSWyLg
DA:59,1,3pyqk/wIUg+chtiG1pN7WQ
DA:60,1,a9h49OIyUGpbpoGszrl+Mg
DA:61,1,maHKptUv9f3QHGbQxzS3Cw
DA:64,1,AO3b6NppqRMpSfp92p0i4w
DA:65,1,jNhojUOOMujCpF+BR2/a7w
DA:68,1,m7tDprgKuuq9CBsGbi3n0A
DA:69,1,QlKLCvrQFNLX/gWmmuU7hw
DA:70,1,8eD9VQqMMQa3y+rXnKbvUg
DA:71,1,aukhSLSgTtw50p9Fz2FY1w
DA:72,1,9Kj8k6EedAZiEcjwbFozCg
DA:73,1,dDZQD+3f0E9WK5693fi8BQ
DA:75,1,HmADa1g/W1C2Vo9Wm4sNNA
DA:76,1,3UD90d0IXIfCwVxcW4pmuQ
DA:77,1,k3IUf+xXklKrWJ8CzP+lFQ
DA:79,1,Nnqu9X+lU2lagW39QNhFWA
DA:80,1,gPk7lMBTRGLpqaK9FTj2Bw
DA:81,1,o7ZDxq8NkwrQb1h/XbDmbg
DA:83,1,/cAJB5S8r15ExgmAFFI+mA
DA:84,1,GtkDyOj8laxaLRykhgYFkQ
DA:85,1,izO3xtLYY0AuowEdPKN9nw
DA:87,1,/DSKbl5WTkw2Aic6jshGvA
DA:89,1,Nnqu9X+lU2lagW39QNhFWA
DA:90,1,fvDAaKOjkcez6cGGszmT2g
DA:91,1,ckHKdcT/8/YLua1QDk/VJw
DA:92,1,HRK9bp+8+0k8NCpox1IGdg
DA:94,1,k+lhHFp/ajWnh7q7LCWarQ
DA:96,1,Nnqu9X+lU2lagW39QNhFWA
DA:97,1,Gvce5on9bgkijsLPY4IVnw
DA:98,1,wdh+QCdoZJ5ElpboHvf9Ng
DA:100,1,bBV2/oU5kip3cMK6InuLlg
DA:101,1,HVyrBJ61ni9ux6MdUIeaUA
DA:104,1,vCFuTtMKnAoi5usQgv8lzw
DA:106,1,vdLm6iZuRddUest4SNkmQg
DA:107,1,HVyrBJ61ni9ux6MdUIeaUA
DA:110,1,66LTA0JVNwFPKVZ9nfpa7Q
DA:112,1,Nnqu9X+lU2lagW39QNhFWA
DA:113,1,p7/J961FT4Bie/yMqY6bOw
DA:114,1,dKwSY/E/7N0GbVGVPUYFEA
DA:115,1,xvWIcpcyNr0gyGcTkdMxXw
DA:116,1,g6AtTi8kXMkUwLmkVUlIeA
DA:117,1,sxAbn13yhMe3EtaroCt/JA
DA:119,1,oGMkBf9o4X53mu8uCxwF4Q
DA:120,1,73DqMM/tqQHuZOmnv6mLRw
DA:121,1,dquiAd0b6I3SPuVFJDK09w
DA:123,1,xCpWna+ACEuuyzysM8W+wg
DA:124,1,yBaSzF+PaBPIHEYht1ECqw
DA:125,1,SwmX0+chBMcEBy+BjuLAbA
DA:127,1,H/gQPFQNstkxSEJlx7LSRA
DA:129,1,4MRsc3BuL7//R2uo6iAiAQ
DA:132,1,Nnqu9X+lU2lagW39QNhFWA
DA:133,1,XKUZMH2bXQWWCLWTjPVgyQ
DA:134,1,tHG7k8Fuq03Ah1/liuWWMg
DA:135,1,u0G4ISGqBsxcAhzFWBrv8A
DA:137,1,ERgjLAIdwjQhc3rK6Mmr2w
DA:139,1,vdLm6iZuRddUest4SNkmQg
DA:140,1,u0G4ISGqBsxcAhzFWBrv8A
DA:142,1,muoP0T0mOAG4nBfHPriF/g
DA:145,1,kmVHkIe6raMuoaKDWuYPrA
DA:146,1,5c4s4KVrRXsy1f2w/etOcg
DA:149,1,6gl5TZpMBvGf8yhaiCe4pQ
DA:150,1,aWWDXX8MGt4bUGZf60+Z7Q
DA:151,1,NUt0KpwlsUMIEA3rUYrc7A
DA:152,1,yBRCeBvy9cTw67mJD3UPrQ
DA:154,1,fSjh+uUZs6xnCOqD4Di5pg
DA:162,1,/e5j6/THDUS9F3TsPNDwbg
DA:163,1,kjypOsYNJgKBwqRQuishHQ
DA:165,1,ufb4F/4BRjj7zHVcF40Ddg
DA:166,1,20d6cTCfG0KXKDgw7dZy3Q
DA:168,1,oWp8kiO+EKb/F1+iSVxz1w
DA:170,1,o8o0AplGRUE6Gxk/hrQHTg
DA:172,1,DlWMm2DreDZxM82GEYJa/w
DA:173,1,uJ4UFXTUE3tq4ehOOVmRqw
DA:174,1,bQtUAphY6xUzgSVmwbsu1g
DA:175,1,acdh7LZIoBXktFrtValzOA
DA:176,1,CXGBWGRExeaqZJgASC2asg
DA:177,1,UgotXFKaPdUs21hzFwA9Pw
DA:178,1,sWsDeNgaT9ZP+7Woud9uhg
DA:179,1,7iEvNwqK6u0iN2t+q48mbg
DA:182,1,0HSJhW7plCH84mAv871qrw
DA:184,1,Ei8vSkFbg2DgKeKoQUac/A
DA:186,1,qF1dL2Jy65h77YV+hNXSLQ
DA:187,1,szcFi7aVYSmsxmqMdrFG5Q
DA:189,1,RLRUv0VJpPepBr254Kk2Kg
DA:191,1,4LgMgWBGno1n5MNJ8WRFsQ
DA:197,1,FbOQlvK0egj3sHmO68FjVw
DA:198,1,d8/u1XLSRHtAd69tccMsDg
DA:199,1,f8A1ig+E8sYHzYw/oNnP8Q
DA:201,1,UoIvFsQBJA/3Y46v1jIfeA
DA:202,1,AOQIasNMHE3HUZCDbGGlGQ
DA:204,1,lRGT68C+HshBEH8mi+heNA
DA:205,1,vYlXmNgqXqqpKBmCbcUZwA
DA:207,1,IKbHNW5F7aM6MRgW74YLIA
DA:208,1,5jmjjqJLfrRj+8BWt9izHw
DA:210,1,uYgHoKdkIvJt7Ml7hcPq/Q
DA:211,1,P0gwvBtcXdOthM29f4jYBQ
DA:213,1,PJcTMsH6SrR7jB0+XBQAEQ
DA:214,1,6FX8YsWPmkqZVXAaR4mA+w
DA:216,1,AuVWwyvUkBJ/Z4otHlik7Q
DA:217,1,ds0LzQ9MyCh/hmWPYb0Vwg
DA:218,1,xt3Od2ZEv8NXEqnsbCEfWA
DA:219,1,ySC6X6fpdinmM5EGfHFR+g
DA:220,1,pa7U23w0eG2MqkTmrCAbqw
DA:221,1,pIiYdwRzt4/1FKAeeMgxfw
DA:222,1,/kUamc3iVZD0QPT0b44Wdg
DA:224,1,XoVUOkRyu3PGO4dLV1agZw
DA:225,1,Emqh2LmdSCCjp2nn5+pqHg
DA:231,1,XoVUOkRyu3PGO4dLV1agZw
DA:232,1,IbQh0X1ddXO3q7uWYMv2Nw
DA:238,1,XoVUOkRyu3PGO4dLV1agZw
DA:239,1,qTIIHXbL+6RpUWPb99SWFA
DA:245,1,XoVUOkRyu3PGO4dLV1agZw
DA:246,1,OeCSDGbEaWsA//fGT9nVqw
DA:252,1,XoVUOkRyu3PGO4dLV1agZw
DA:253,1,Ikzq2106IxABx/RiRXWtxw
DA:259,1,XoVUOkRyu3PGO4dLV1agZw
DA:260,1,u9yYgYhgozts+YbtFPgUag
DA:266,1,XoVUOkRyu3PGO4dLV1agZw
DA:267,1,BqX2JNUJ8Wauai/ghs9dMQ
DA:270,1,NqEJ7enOsUPTz1o6a//N+Q
DA:271,1,XkagyzMs66ynD26f3tDbeA
DA:272,1,NbfwdP5NfdHKw1+CaJEMvw
DA:276,1,EB2C+4QavQfnMRywizsEhw
DA:278,1,Yio8K0UHRSZ3rlIPIys5Ow
DA:280,1,eU5MzXOBTVdTN/kTfEBFKQ
DA:283,1,/G9JMqkQ7gaPqatN6Y34gQ
DA:284,1,CtFAI+kHPG5wPFOrhuNeJA
DA:285,1,MnzpXe1veqpfA7nIMRo0OA
DA:287,1,XkagyzMs66ynD26f3tDbeA
DA:288,1,NbfwdP5NfdHKw1+CaJEMvw
DA:292,1,DoIwQujHf46b1a/l361pDg
DA:293,1,ZD87c7665JmAgqrUYFg1hg
DA:295,1,EB2C+4QavQfnMRywizsEhw
DA:297,1,Yio8K0UHRSZ3rlIPIys5Ow
DA:299,1,KIrXJbMSX2nVNqmmrz4CwQ
DA:301,1,X7k0HyjVATQFN/AsjUzo5Q
DA:302,1,1/h5XQB2jVBv3zOsUTIdSA
DA:303,1,ZU+9uN5gFaxaJCRmnAAcSw
DA:306,1,BvBTAe1e3jg74AqPP/3pjQ
DA:307,1,8vKQLZE46pvKbZVJ91meYg
DA:309,1,BqkjBF8+/bsAFn6tKqM3rg
DA:310,1,noQab3Wr5GnT+RurLEQ6wQ
DA:312,1,+ntzHLb/moEODEyohloU8A
DA:314,1,HmADa1g/W1C2Vo9Wm4sNNA
DA:315,1,7FX1qAqtaHDXcsYvWDeIhQ
DA:316,1,z1Tz2vLjjNgNsnIDAHsSag
DA:318,1,MZHdvMJRcZb25Kliva5hUw
DA:319,1,zz4gTG5m+mkP4cxusHin2g
DA:320,1,ZBbMoSP1PcKCUMnhCUqppQ
DA:322,1,HmADa1g/W1C2Vo9Wm4sNNA
DA:323,1,X1X/65t6OS5HJO31Pq6CJA
DA:324,1,yrvus9pQuqcedu847uGAkg
DA:326,1,n9NF53gjuNr1T35VGws4iQ
DA:327,1,WDaDKRG/WwhxLYwwa2qxRA
DA:328,1,3v2gd7c2vj1r4R7oEwnXkA
DA:330,1,HmADa1g/W1C2Vo9Wm4sNNA
DA:331,1,AA6vAaFnHK55S5usgSKZDg
DA:332,1,VJKYWSndminAREGI/T/bcw
DA:334,1,wJeY9XhgT/NbYCQmRZSwKw
DA:335,1,efvMI+PhP+YBEKukxMphqg
DA:336,1,eYLs1s472B860StfAl5duw
DA:338,1,HmADa1g/W1C2Vo9Wm4sNNA
DA:339,1,HLiONr3c/fbKs0DO8aJFrw
DA:340,1,XW+EgsvE2++QPWG1OEzCjw
DA:342,1,EWaEIXYXFgJAHza8JMvPZw
DA:343,1,iQ/04zOH9Kytsilv5innCw
DA:344,1,cRd7mLDRysSXUrIY4i5CMQ
DA:346,1,HmADa1g/W1C2Vo9Wm4sNNA
DA:347,1,U47OoLiA+Ahreo7DUO8CPg
DA:348,1,x6IKY5q96ahdDTZzpQTm3g
DA:350,1,ZQl/bERUP5HdvFcqD38T3g
DA:351,1,OnzSSZu8uCJa/YZj1c/nMA
DA:356,1,Vv16R5yM/COMbLUjdrFmbg
DA:358,1,HmADa1g/W1C2Vo9Wm4sNNA
DA:359,1,erEfucSb39ZebZRniUl/0Q
DA:360,1,6OMhWYmhDc5rUCK88s1p3Q
DA:362,1,TZIs1DOp6cluoZPTji5CYQ
DA:363,1,UDwu2PBoS1ushdFNTJqo9Q
DA:364,1,u3TF9+uwKVrUvpFR5janeA
DA:366,1,HmADa1g/W1C2Vo9Wm4sNNA
DA:367,1,kyd/YVqmMRDZbFNwt2iUaA
DA:368,1,J1KfRP0iZkgmvaDa30kDGA
DA:370,1,0Q9GLng6Yar42acVH+r6zw
DA:371,1,rxGh3mEmlVWlK9R8QI26Fw
DA:372,1,saaCnOk6yeartzpo5RJl/Q
DA:374,1,URVCFuTOxDDUafBHy1Clig
DA:380,1,+i+n8IGmvXHTy/uREkUw8Q
DA:381,1,ImAciWYj7qKFNZGeio1G9g
DA:384,1,64YxiTfp9+jkGW34bAIRmw
DA:385,1,HQLQzeXDuKU0N+86kb9wDA
DA:386,1,CFI0hCFLlU45TaOyDpT+Hg
DA:388,1,igYu0a9SLthb40pVxyL9qw
DA:389,1,Zprexmov2nrAeEYWuX6vrQ
DA:391,1,IAJB2H6MK3AQDNTimXpabw
DA:393,1,G7XFZ214jDQrb5gO/ym7Kg
DA:395,1,p09sY7ku38LnmJZ9vvLgGQ
DA:399,1,JWIzABjyc1UIUiCicplMRA
DA:408,1,GKf3xLy0qnx7QT15+rR9kA
DA:410,1,g56XOg+hz7MDgNxTH2FgXQ
DA:412,1,LhG0Ouebut0EEvC9erOXLg
DA:414,1,CtFDR4ktlQv72v/0Wak2MQ
DA:415,1,jFruAwnMsPIVVfhF925OqQ
DA:416,1,PSbgSEucksr1qdLjPgo/OA
DA:420,1,YJRTJ5lSmzwAaNUR/GOOUg
DA:428,1,TjZnPr6i8qNI5e9cLyoiMQ
DA:429,1,wzrwDQHXUdDjii2r7vyMjQ
DA:438,1,AQewSK2hbXKbf5JaQFBJxw
DA:442,1,upEgT7FZxW3eRreikzMsDw
DA:448,1,Cah25zoCiSkkPEldv2yyzQ
DA:450,1,hww+4AjrJvNUWxaDjqs7hA
DA:451,1,fq1+yYrgCppNqyN+6w9mpw
DA:453,1,Yan0kIYt7wPYMjqY6ezmbA
DA:455,1,OYkeXNQFuLFe3xvwrkudxQ
DA:463,1,5tl6v3wvdviT00ZV1GffmA
DA:465,1,o9QJBP1DxdkWQ/uKtaQQlg
DA:467,1,R9WOR+mdyPl0w4bngfKvmg
DA:468,1,wzrwDQHXUdDjii2r7vyMjQ
DA:473,1,4x5SadF5ibDZDBoFDAlSsA
DA:474,1,5EM0XlbS8IongZj9uFC50Q
DA:479,1,4T7MG94p7Th8vjMKd6GMGw
DA:488,1,5tl6v3wvdviT00ZV1GffmA
DA:489,1,JlHNxkzwbC/eMTzrUiA44w
DA:490,1,RnJGHIWlFYQbrD0shmUBFg
DA:492,1,givHOTfQQwO+BCVwJXP/Bw
DA:501,1,AQewSK2hbXKbf5JaQFBJxw
DA:506,1,WVliC2cMrm0r8VmSC1EgNQ
DA:513,1,R9WOR+mdyPl0w4bngfKvmg
DA:514,1,0NxMhYlFdFQ90OiFMrmpIA
DA:517,1,4x5SadF5ibDZDBoFDAlSsA
DA:518,1,5EM0XlbS8IongZj9uFC50Q
DA:523,1,6hW2QjM3ofhM94uetco8Cg
DA:524,1,04M/jITqI7yVBhdn38DM2g
DA:525,1,7GT+jDGuOVkyvsP2+Tpg6Q
DA:527,1,2vlrtR9p38p1uMhqV5EHcw
DA:529,1,Ro/CbN/tMnqSR+Wsda+Hig
DA:531,1,yEDURpbr1QhQOOua6A/8gw
DA:533,1,SVxlJjWUqzdNqAFy7JQhTg
DA:534,1,05f0o1aMzdpulnpZwbuq1g
DA:540,1,R9WOR+mdyPl0w4bngfKvmg
DA:541,1,nMwBEtEVV5GN4t3PIyS6HQ
DA:543,1,4x5SadF5ibDZDBoFDAlSsA
DA:544,1,BXb8dhtnZDsZzD0D8+aXKQ
DA:548,1,Dm71iC+ZizM0vMNBLW3Tow
DA:569,1,bmT+6t0Zkq3KZo67dutYqA
DA:571,1,TQX2bKBBpDsFpoh+uNAiBw
DA:572,1,z1FY6hyPBCbZwMZY9KnRLg
DA:575,1,4PvWUMmItZbStES0uDDGAw
DA:577,1,J/KP7MBICunLvQ8iXCbVgw
DA:580,1,foiOy1iTKgXS1uBhlyplsg
DA:583,1,vr0cIPl8/PJ1VxXOsFJhjQ
DA:585,1,W/g8GJDAYJkSSurt59Mzfw
DA:587,1,YYdco2njllEGHTRoD3dlBA
DA:593,1,A0KDLsNQdWWQzz9/FnKFKA
DA:595,1,n8OyofSJ3bzIMOLlX1s0Jg
DA:597,1,GfB4g74kDwX9Yfx1yD/vIA
DA:598,1,CO2LdtHySzKXGPCVzxqwaA
DA:600,1,mo9JUsdK4vR8wj7pEUwz+g
DA:601,1,qlrHzVDnQ5zjjWPK43y9VA
DA:603,1,WQqZIA2t/BReWwvKB1ZexA
DA:604,1,M6fHwKcCC1WyrUCZB9e5QQ
DA:606,1,k8PEQ33BhW3205YpW3dUSQ
DA:607,1,2huLD2jm23kyXLGRyn5BFg
DA:610,1,lveR82TAmhti+ojdS7NU3A
DA:612,1,LyRYBTs0Ub+zqAZx1q+cHA
DA:614,1,yQYdUgka2MrpOIB/DeUl6g
DA:616,1,ymcLXRscZnRMLzXqYsay1w
DA:620,1,/wfq/yzqmSZvUcZbKQlzkw
DA:622,1,nwkaflMPJZQVfK4P8HBwzQ
DA:624,1,CJE75XpttFDcQuuP8EcTWQ
DA:627,1,7GHzWmabkaNm1KkcCv23Ng
DA:628,1,Flar+M9h5QcKgE/FAuj8Fg
DA:630,1,kvdtnhwfkFPhEy67V1Nnfg
DA:631,1,UOCxeCKaqSTy3ZPiCoLlqw
DA:633,1,pVbFvgxUjpQCOUq5hGtchg
DA:635,1,yDb8ZjqLzJOdQf77TOLhoA
DA:637,1,tZ7f/R14+yEsLIKcI8s+IQ
DA:644,1,fOVOj62DSgeHHA/gvPNEfw
DA:649,1,7t4fltKaFJxcuuydUjS+yQ
DA:651,1,0odSo4UbD45id/u+dbYEHQ
DA:652,1,8vJ/tNAdjm9GI05YqRdKhw
DA:653,1,91AtpFojP8WbKAEkShnuzw
DA:655,1,Wyz9VEx6lkGoC768U4WoWA
DA:657,1,zDorvsLbHata7tEYQkJjZA
DA:659,1,0kwFDkvjy2xkWeexoTFGwA
DA:662,1,HyQ6WVl+CXzZe2JXI2b7Vw
DA:666,1,0odSo4UbD45id/u+dbYEHQ
DA:667,1,Pl/J1+wu9Rkzuecq1x0JkA
DA:670,1,ovllbuYg6dhfOjp2eCgiNw
DA:672,1,9OeUa7hnWaNL3qB+nGPhCw
DA:681,1,AQewSK2hbXKbf5JaQFBJxw
DA:693,1,Ye7sFS8MBlYgA/QaYCNSAg
DA:703,1,oBrBrWfGLzEhqlwIHBicsA
DA:704,1,cd7tfZB+Q5/FZbs4k6Xi9g
DA:706,1,kl4GO24dyDgIgsgfj31RaQ
DA:707,1,33UF7fgplvcROdKA4L45Ig
DA:709,1,EB8qvQBumsQpAW20PWYvFA
DA:711,1,OileKvisqJ74SVTjwc5GHw
DA:712,1,M4gxw6kuta7Hy5YkC19/yg
DA:714,1,1AEhdP/E8TngjVWXiyppdg
DA:715,1,wzrwDQHXUdDjii2r7vyMjQ
DA:718,1,9wyyiRPbASH0eQ46b7eTFQ
DA:719,1,wzrwDQHXUdDjii2r7vyMjQ
DA:723,1,Soj0EbpI+hOi/kMsz6KQYA
DA:724,1,wzrwDQHXUdDjii2r7vyMjQ
DA:731,1,8tlQ4gNXGRHLBXamateBaw
DA:738,1,fOVOj62DSgeHHA/gvPNEfw
DA:743,1,zDorvsLbHata7tEYQkJjZA
DA:745,1,0kwFDkvjy2xkWeexoTFGwA
DA:748,1,AQewSK2hbXKbf5JaQFBJxw
DA:758,1,Gu2ktP78dXSEKnoJRfAQzg
DA:768,1,75GlREoeFt44oHuCUKQRfw
DA:778,1,5qySIhGZxfkmXyBdSPB1EQ
DA:779,1,OekpqAitKXPq41Xg7tIXhg
DA:780,1,kNEpe/wlbtywUWyychf4HA
DA:782,1,yfAgGq4oZ7MDTwxHcNdkBw
DA:783,1,uyCkgh4TCiA6r5+hlTxUZQ
DA:785,1,VZcjXkcpkwRqZDba9SuMxg
DA:790,1,ezd8cxb7bXV1Y2fFRE3hdA
DA:792,1,04M/jITqI7yVBhdn38DM2g
DA:793,1,2hP1lhOvEaUjZWfoOmX53Q
DA:795,1,tJliSt5Evxn6NT1ZfvJX+w
DA:797,1,I1OZB5oGuDnl6a4PQ//s6w
DA:798,1,AQewSK2hbXKbf5JaQFBJxw
DA:802,1,yZtxiDXXzHG0xQbG7rHYFw
DA:805,1,11EhpGJym0/kXoT5a5NEpg
DA:807,1,9OKPNlP3t2Hd6Wd2aDBMAg
DA:814,1,tzE4Wchdt44uAVi3icXiTg
DA:815,1,3Hcohfhcz64IkF1UD51SKA
DA:816,1,2uroO52d9QBNqEKqa1YmWQ
DA:818,1,28+phAjCKQpjApeCHsD97w
DA:820,1,qhFpVhTIh9ze25y4Ro4uiw
DA:822,1,eJ6zrxnLWn/k18a2vHOhRA
DA:824,1,k1lpymo146zOhmeGEERB/w
DA:826,1,11EhpGJym0/kXoT5a5NEpg
DA:828,1,uqU1CS1/ZRKIltUptFhYJg
DA:830,1,gFSPC/DZLYZFcvh6JSL0XA
DA:831,1,KbzvMhnpCZpC0O33RCdF7A
DA:832,1,2DAS1r/lNcM4pYA6XofDGg
DA:834,1,dPjjxmyPS40789mSzoQhYQ
DA:836,1,wlRXXjJCpU29fm1IIf3SQw
DA:838,1,o9QJBP1DxdkWQ/uKtaQQlg
DA:839,1,28+phAjCKQpjApeCHsD97w
DA:841,1,QupQn5eHCB7elnja3LcZWg
DA:845,1,P5YdftFMSZKVG48HiP9tUQ
DA:846,1,wzrwDQHXUdDjii2r7vyMjQ
DA:850,1,0/+SFIljFpeHQVZVZKPgqQ
DA:851,1,XWXlKCjaA55pD5N7kf8RyA
DA:854,1,W/g8GJDAYJkSSurt59Mzfw
DA:856,1,htdSLTRQHZeJ0nu+gpEZiw
DA:857,1,oNfhsBAYj3FqcvJJgnib7A
DA:858,1,AQewSK2hbXKbf5JaQFBJxw
DA:863,1,mOyNg9B5gwIDSCxxo0bt+A
DA:864,1,H0v2MROGrnznPSEq+qQrhQ
DA:865,1,nwkaflMPJZQVfK4P8HBwzQ
DA:866,1,DHm2jYIHcCHt0dUZVn4XWQ
DA:867,1,5ZM73NzbVS/tKPj0miJhuw
DA:868,1,EdsCRE/N62Voz6INXIKfwg
DA:870,1,C3/s3oifPTGk1SLygYUEPg
DA:871,1,w1qmoPdAPadfoDiquOMMVg
DA:872,1,thG8qlkW0re/gU9cm0yeuQ
DA:873,1,cCOle7DjVrlwLM/pCo9R1A
DA:875,1,KjOAAWZ/Hfd4tOIVt/waVw
DA:877,1,37q44k1XvVJ8HE73D6jHfQ
DA:880,1,idQY+FZsW/wnWgtM9/sUzQ
DA:881,1,Fit4hsOsVtOI3O2X+jd4AA
DA:882,1,s02mXaCWRD6PnAiQk36OAg
DA:883,1,YxjQ797mVp9P9uxYUxWIHA
DA:884,1,iCcLGpXsM0EPKUcu3LMrVg
DA:885,1,fNjgi06E+nJHfO7yld/2bQ
DA:886,1,wmx0jhJNf53Ew6nTNOwnFA
DA:888,1,Nnqu9X+lU2lagW39QNhFWA
DA:889,1,1K3UI32Fl6yGInkvc2kotw
DA:890,1,HlS77CpG6UPm0BNi8PI42Q
DA:892,1,Nnqu9X+lU2lagW39QNhFWA
DA:893,1,vakqXJZD8ufBNfRPM+YAcA
DA:894,1,57FJdd7KBLwbKznNw03KLg
DA:896,1,Nnqu9X+lU2lagW39QNhFWA
DA:897,1,54pBeWGPd8qCHSD9pJGYhA
DA:898,1,qb5pc049jgJhABH8ZpVgoA
DA:900,1,Nnqu9X+lU2lagW39QNhFWA
DA:901,1,us6j9GzlL+R2kNn161j5Fg
DA:902,1,2i4LFGpdzvcSd4leC1tdGQ
DA:904,1,Nnqu9X+lU2lagW39QNhFWA
DA:905,1,usuOocEl3bVAglcnpB47ug
DA:906,1,JH/Qu5UUGhh4KtJd/xtzag
DA:908,1,Nnqu9X+lU2lagW39QNhFWA
DA:909,1,YpHapX6VA2ZIk/WWAYh9KA
DA:913,1,rf6mWpYMz/2Xfd3Ibunmjg
DA:915,1,Nnqu9X+lU2lagW39QNhFWA
DA:916,1,3Cq5Ad8BlK9M+htijWRtlQ
DA:926,1,rNTpMWK+25IertNNnCNPyQ
DA:928,1,Nnqu9X+lU2lagW39QNhFWA
DA:929,1,gSk77FqAB2JFx4LZOZjd3g
DA:931,1,AQewSK2hbXKbf5JaQFBJxw
DA:935,1,Nnqu9X+lU2lagW39QNhFWA
DA:936,1,uVIBhmnWluT7JFPJRU4nlA
DA:937,1,D8Jhs8VwP/mmdPH0hzZluA
DA:939,1,Nnqu9X+lU2lagW39QNhFWA
DA:940,1,x2frUjL0wHajZ1Dr9uK9UA
DA:942,1,N+UvdCZoKU6D7zVAWU0cTA
DA:944,1,Nnqu9X+lU2lagW39QNhFWA
DA:945,1,VdgJLtVSI2JD9+l9o1zyAQ
DA:947,1,AQewSK2hbXKbf5JaQFBJxw
DA:951,1,Nnqu9X+lU2lagW39QNhFWA
DA:952,1,IMLBOI0ibjd5Rk99oB5oIw
DA:955,1,euaizHK3/UrkMtxDun7t5Q
DA:957,1,5lxErB5IVkKQFZzlnM0lmw
DA:958,1,cAbx9IDN7qqnOS1Q779ifA
DA:960,1,kNEpe/wlbtywUWyychf4HA
DA:962,1,X2kbTTPbNgQOpcJxsIl1LA
DA:963,1,8h0p0DaCz02SoPVZWyAMQA
DA:964,1,4Zbw8kr6vTJWglUK9ecmEQ
DA:968,1,gdUvy1Y8vYw8QJ1+7GNJwQ
DA:970,1,qg/fETAVw4hdIaPBRLQZ0Q
DA:972,1,Nnqu9X+lU2lagW39QNhFWA
DA:973,1,1zIoHFMar0XO+Dv0QzHYbg
DA:974,1,GfUW8lF9ZVgQYWsDg5cnqg
DA:976,1,IyKLeg94lCADf3dKV5On3g
DA:978,1,xzwyv0D07h5pQNd5+muiiQ
DA:979,1,gCAZNDhLdPO1c49WCoqq5g
DA:980,1,5ThzBTzy0gXlOUi0KEEcCA
DA:982,1,Sjb4VN7ncGp5owUYdTCf8w
DA:984,1,yE/AWlQmKW2CezMQ4AjPoQ
DA:986,1,CXUh3NFGqXuNN0oEUi320Q
DA:988,1,Nnqu9X+lU2lagW39QNhFWA
DA:989,1,6emDA0uolRBALflBf0ytnw
DA:990,1,DhF+M4idwnnUSBgod1djoQ
DA:992,1,Nnqu9X+lU2lagW39QNhFWA
DA:993,1,Ppknt5Ze4fwUVIpGRkS1oQ
DA:994,1,xwpQ166f63m01RS9/FkVZQ
DA:997,1,rAfAIfVApBMVfPw214UbPg
DA:999,1,gFdnwIzxJ64X+nD2UauP7A
DA:1000,1,e7JGPQ/fHquKSxaFrFV7eQ
DA:1004,1,+0WjMFlVfpyRL5qVIcUEwQ
DA:1006,1,Emqh2LmdSCCjp2nn5+pqHg
DA:1010,1,FgFGHWx6HU86PZT42/SYjw
DA:1012,1,IbQh0X1ddXO3q7uWYMv2Nw
DA:1016,1,CTwnABjibbw1PO1E4BwwoA
DA:1018,1,qTIIHXbL+6RpUWPb99SWFA
DA:1022,1,oRxIw6VDI9O9F0IPU0/AZw
DA:1024,1,OeCSDGbEaWsA//fGT9nVqw
DA:1028,1,tko6m1g7Qxomo96taFNOfA
DA:1030,1,Ikzq2106IxABx/RiRXWtxw
DA:1034,1,h+6KK9HRP7qFg6WZNWi/5g
DA:1036,1,u9yYgYhgozts+YbtFPgUag
DA:1040,1,v+JBp9besaetwFUwnWqCLQ
DA:1042,1,BqX2JNUJ8Wauai/ghs9dMQ
DA:1048,1,XHPv3gAAODnIWeHrqB+uWQ
DA:1049,1,1129WGIRyd6KPNOTAG2OZA
DA:1050,1,nqcUcoHOptp3uOgRMUOl0A
DA:1052,1,lHE6iYlR5ASdhNKFafzDlA
DA:1053,1,tc+T2fLRsctiw7zEqDxDbw
DA:1054,1,sO5t3r5PvvkgouvKMWKEug
DA:1056,1,Z1scajF9K8EzqxUpXRDDZg
DA:1057,1,ORsYRzrT6E2BtiAwwEQtGg
DA:1058,1,TqDgPSlKpWV0mgbKxH5STw
DA:1059,1,Xx/r9kw6X3PSmj6E/JKCiw
DA:1061,1,Y/bsQkAzFWM2MQNtnzT1tQ
DA:1062,1,e7JGPQ/fHquKSxaFrFV7eQ
DA:1066,1,YquNbIVQv/jeYQWx5b1DhA
DA:1067,1,ZAEdx6WQVOqFbWfk0Nosyw
DA:1068,1,vs8Z6Gq2uqmidzzBWv4wmQ
DA:1070,1,Emqh2LmdSCCjp2nn5+pqHg
DA:1074,1,FgFGHWx6HU86PZT42/SYjw
DA:1076,1,IbQh0X1ddXO3q7uWYMv2Nw
DA:1080,1,CTwnABjibbw1PO1E4BwwoA
DA:1082,1,qTIIHXbL+6RpUWPb99SWFA
DA:1086,1,oRxIw6VDI9O9F0IPU0/AZw
DA:1088,1,OeCSDGbEaWsA//fGT9nVqw
DA:1092,1,tko6m1g7Qxomo96taFNOfA
DA:1094,1,Ikzq2106IxABx/RiRXWtxw
DA:1098,1,h+6KK9HRP7qFg6WZNWi/5g
DA:1100,1,u9yYgYhgozts+YbtFPgUag
DA:1104,1,v+JBp9besaetwFUwnWqCLQ
DA:1106,1,BqX2JNUJ8Wauai/ghs9dMQ
DA:1107,1,IBoXut3G4x/pm9/LCVP/uA
DA:1108,1,PgAuDGLqk6fAiKEbwuqIKg
DA:1110,1,HmADa1g/W1C2Vo9Wm4sNNA
DA:1111,1,cmfEa/cNKAcgFnLrkglEPQ
DA:1112,1,29X+6Z6iZkmaVTVFcWNYWg
DA:1114,1,2NvRtO0fSR59ii/tHA9CaQ
DA:1115,1,31URre+R9vb2GAWNdARLGg
DA:1116,1,FyzJ+TzKiWqTgj7cYHqvZQ
DA:1118,1,HmADa1g/W1C2Vo9Wm4sNNA
DA:1119,1,3Y3DtnnGl82MjnyRPjYOIw
DA:1120,1,vxqjmIEK3SVWuraflXmDcA
DA:1122,1,nKTefndVth61zvl89jocbw
DA:1123,1,Rnj5yK2nnc7glg7YdeHphA
DA:1124,1,PE5SuXbDuFtQX80aA1FDPw
DA:1125,1,wfr22Yjf9Ce91cEsfQ5n1w
DA:1127,1,9loJgMU8A2uHGgPu0QbEUA
DA:1129,1,HmADa1g/W1C2Vo9Wm4sNNA
DA:1130,1,SmeIuPW1Y/suVmXSyEQvqw
DA:1131,1,o1KjssGA7dduyhbMRxfYIw
DA:1133,1,VCDiiBPbTxMJsqCdybzpgQ
DA:1134,1,7Z2gmjoqfD5wI+MBgMhsgw
DA:1135,1,9HT6Rq+00Q+imaePtGWtWg
DA:1136,1,Ds1T+s7SvbR2zzOIlOdErg
DA:1138,1,dWYi8r7e0quu2cztX/b7ug
DA:1140,1,HmADa1g/W1C2Vo9Wm4sNNA
DA:1141,1,2eZzv4TnE/JWsDdL6tKCNQ
DA:1142,1,/4JGl/2H30xN1dVoOrDexQ
DA:1144,1,oJyl2uQD9ryhYP94OhEE0A
DA:1145,1,xFVWhbGVj4kRd94zsZtynQ
DA:1146,1,M/NtULW4KPYFXvmq+5P1Gg
DA:1148,1,URVCFuTOxDDUafBHy1Clig
DA:1154,1,5b2J19e8MWQinKCra8bkRA
DA:1156,1,77lj+UrsDdIYeqYiWVCG5w
DA:1157,1,7gEETziH5oF1+rOT8O1UQw
DA:1158,1,EpHlQwHaKaJyl+E7ePQheg
DA:1160,1,j30l7iU3cOv0qUTnkxVBlA
DA:1161,1,9k7g3OT8KPft1NesohgK2A
DA:1162,1,tQrPklYmk8uLklxzDpNDkg
DA:1163,1,LyRYBTs0Ub+zqAZx1q+cHA
DA:1165,1,3KtVTlV2tnW9NP+KARF9IA
DA:1167,1,qddj6TYocAG2F1ICCHdxaw
DA:1168,1,lT3nxjpN70WH+/lFRP49Sg
DA:1169,1,6skwE8aiQd+UMXo61loYCg
DA:1171,1,dGsQe7uD+M6ebGDAlYtLmg
DA:1175,1,Hf2D86RfBXLsKHSlguSfpw
DA:1177,1,AJ98XFs/DOi/meiGKWSp1Q
DA:1178,1,HHT4ue6ZKIfLVwnWFgIW9g
DA:1179,1,Mt87R2+WAhc55ZVJCmF3sg
DA:1184,1,yr1erTxBdUuyS2FoEXmh8w
DA:1187,1,staBkaT/DiZilcWgl3IYVA
DA:1189,1,LoQzvUFGnqMohWqOupNhAQ
DA:1191,1,qePyTGThrBNGdXv/4n7SLg
DA:1193,1,h7l3dS9qI1Mcakf2/QbIug
DA:1194,1,1qsyVUzZ2JSiiw5o0r9hww
DA:1196,1,T7Z4DsgosGCRrXLqRl6Vyg
DA:1197,1,Kpr4jchXYMlX75KcrRoybw
DA:1198,1,GhuqKQA1FUnQIyDEhooU/g
DA:1200,1,5eXan/ui971BQMtNP//fDg
DA:1201,1,024AeB3Wfg1rVajgzFmS6g
DA:1204,1,bIHblPHJjkHb/M+itNXAgw
DA:1205,1,cmfUZxJJCC8pnOLmHuvLXg
DA:1206,1,3gJVAzHOtLdZnypdjUHdQQ
DA:1207,1,Dwjd91USmMoWKfkSCVg/jg
DA:1209,1,vDXVMMfJo2kIUKhUpmnADg
DA:1210,1,bG/wwTAXnVJrjyE91bc0Eg
DA:1211,1,LKwLehn3iCC/TZzyXIRimQ
DA:1213,1,3oMooOcYD+tFc0oPy5yRfA
DA:1214,1,F7f/jvY7jVxW8+OViHq1LA
DA:1215,1,qk2Ra90QyWhG4E3HTCoEsQ
DA:1217,1,2ymfga4FoFUU2BaOWDeBbw
DA:1218,1,xjcDBnSwra0OiNOAYAwoHA
DA:1219,1,22nJqKQMjL14f4yzY9+cxQ
DA:1220,1,UH7sa8+nbezpHadBW2Kpug
DA:1221,1,MQAw7ryZXIqoa+XVvQuYKQ
DA:1222,1,egB8TAXGnb4VKfgb59xVQA
DA:1224,1,NNz8a0fWvKXu+wJYGmw+UA
DA:1225,1,xjcDBnSwra0OiNOAYAwoHA
DA:1226,1,FmhTpPzb4NkxOEeTFo3g6w
DA:1227,1,uCOgCdBO7HXGSJpmC93pYA
DA:1228,1,MQAw7ryZXIqoa+XVvQuYKQ
DA:1229,1,Dwjd91USmMoWKfkSCVg/jg
DA:1231,1,LsEYbAbo1oRvpbmmDNlubA
DA:1232,1,Wbc5nZfmaKwd2FJRP592eA
DA:1234,1,xjcDBnSwra0OiNOAYAwoHA
DA:1235,1,Ut+ZBWzxWwxZxiFxl3KeVA
DA:1236,1,MQAw7ryZXIqoa+XVvQuYKQ
DA:1237,1,B+ZJQ8zBxPMiDZhsnR0Fag
DA:1239,1,xjcDBnSwra0OiNOAYAwoHA
DA:1240,1,kXETu/7ARYktkf3133B+dQ
DA:1241,1,z1FY6hyPBCbZwMZY9KnRLg
DA:1242,1,MQAw7ryZXIqoa+XVvQuYKQ
DA:1243,1,kycMaH6XbPuAfUpgfG1Lbg
DA:1245,1,Nnqu9X+lU2lagW39QNhFWA
DA:1246,1,jzt7x/sa13EZEdFIo/GKZA
DA:1247,1,M6tC8trJcZJQ9dxoYaw80g
DA:1248,1,c/Rd67kDON/XFM5FPRAxTQ
DA:1251,1,kJmOUWIoYMRbqH80feyzaA
DA:418,0,apkQQtiiE4JOuDIBvLOUjQ
DA:617,0,5brLcCG72wC0yMh3CTBrgg
DA:812,0,kycMaH6XbPuAfUpgfG1Lbg
LF:617
LH:614
BRDA:37,0,0,1
BRDA:40,0,1,1
BRDA:36,1,0,1
BRDA:38,1,1,1
BRDA:45,2,0,1
BRDA:48,2,1,1
BRDA:44,3,0,1
BRDA:46,3,1,1
BRDA:58,4,0,1
BRDA:59,4,1,1
BRDA:84,5,0,1
BRDA:87,5,1,1
BRDA:83,6,0,1
BRDA:85,6,1,1
BRDA:92,7,0,1
BRDA:94,7,1,1
BRDA:101,8,0,1
BRDA:104,8,1,1
BRDA:107,9,0,1
BRDA:110,9,1,1
BRDA:115,10,0,1
BRDA:123,10,1,1
BRDA:124,11,0,1
BRDA:129,11,1,1
BRDA:135,12,0,1
BRDA:137,12,1,1
BRDA:140,13,0,1
BRDA:142,13,1,1
BRDA:202,14,0,1
BRDA:204,14,1,1
BRDA:205,15,0,1
BRDA:207,15,1,1
BRDA:208,16,0,1
BRDA:210,16,1,1
BRDA:211,17,0,1
BRDA:213,17,1,1
BRDA:214,18,0,1
BRDA:216,18,1,1
BRDA:0,19,0,1
BRDA:272,19,1,1
BRDA:285,20,0,1
BRDA:287,20,1,1
BRDA:0,21,0,1
BRDA:288,21,1,1
BRDA:299,22,0,1
BRDA:299,22,1,1
BRDA:301,22,2,1
BRDA:309,22,3,1
BRDA:299,23,0,1
BRDA:302,23,1,1
BRDA:299,24,0,1
BRDA:307,24,1,1
BRDA:310,25,0,1
BRDA:312,25,1,1
BRDA:0,26,0,1
BRDA:381,26,1,1
BRDA:0,27,0,1
BRDA:385,27,1,1
BRDA:386,28,0,1
BRDA:388,28,1,1
BRDA:389,29,0,1
BRDA:391,29,1,1
BRDA:418,30,0,-
BRDA:415,30,1,1
BRDA:414,31,0,-
BRDA:416,31,1,1
BRDA:429,32,0,1
BRDA:438,32,1,1
BRDA:448,33,0,1
BRDA:450,33,1,1
BRDA:453,33,2,1
BRDA:453,33,3,1
BRDA:468,34,0,1
BRDA:473,34,1,1
BRDA:514,35,0,1
BRDA:517,35,1,1
BRDA:525,36,0,1
BRDA:527,36,1,1
BRDA:527,37,0,1
BRDA:529,37,1,1
BRDA:531,37,2,1
BRDA:531,37,3,1
BRDA:0,38,0,1
BRDA:534,38,1,1
BRDA:534,38,2,1
BRDA:534,38,3,1
BRDA:534,38,4,1
BRDA:534,38,5,1
BRDA:534,38,6,1
BRDA:534,38,7,1
BRDA:534,38,8,1
BRDA:540,38,9,1
BRDA:541,39,0,1
BRDA:543,39,1,1
BRDA:569,40,0,1
BRDA:569,40,1,1
BRDA:571,40,2,1
BRDA:575,40,3,1
BRDA:575,41,0,1
BRDA:575,41,1,1
BRDA:577,41,2,1
BRDA:583,41,3,1
BRDA:595,42,0,1
BRDA:595,42,1,1
BRDA:597,42,2,1
BRDA:616,42,3,1
BRDA:598,43,0,1
BRDA:614,43,1,1
BRDA:601,44,0,1
BRDA:603,44,1,1
BRDA:604,45,0,1
BRDA:606,45,1,1
BRDA:607,46,0,1
BRDA:610,46,1,1
BRDA:617,47,0,-
BRDA:620,47,1,1
BRDA:631,48,0,1
BRDA:635,48,1,1
BRDA:0,49,0,1
BRDA:644,49,1,1
BRDA:644,49,2,1
BRDA:644,49,3,1
BRDA:644,49,4,1
BRDA:644,49,5,1
BRDA:644,49,6,1
BRDA:649,49,7,1
BRDA:652,50,0,1
BRDA:657,50,1,1
BRDA:653,51,0,1
BRDA:655,51,1,1
BRDA:667,52,0,1
BRDA:670,52,1,1
BRDA:0,53,0,1
BRDA:0,53,1,1
BRDA:681,53,2,1
BRDA:681,53,3,1
BRDA:681,53,4,1
BRDA:681,53,5,1
BRDA:681,53,6,1
BRDA:681,53,7,1
BRDA:681,53,8,1
BRDA:681,53,9,1
BRDA:681,53,10,1
BRDA:681,53,11,1
BRDA:681,53,12,1
BRDA:681,53,13,1
BRDA:681,53,14,1
BRDA:704,54,0,1
BRDA:706,54,1,1
BRDA:707,55,0,1
BRDA:711,55,1,1
BRDA:712,56,0,1
BRDA:714,56,1,1
BRDA:715,57,0,1
BRDA:718,57,1,1
BRDA:719,58,0,1
BRDA:723,58,1,1
BRDA:0,59,0,1
BRDA:738,59,1,1
BRDA:738,59,2,1
BRDA:738,59,3,1
BRDA:738,59,4,1
BRDA:738,59,5,1
BRDA:738,59,6,1
BRDA:743,59,7,1
BRDA:779,60,0,1
BRDA:790,60,1,1
BRDA:793,61,0,1
BRDA:795,61,1,1
BRDA:812,62,0,-
BRDA:814,62,1,1
BRDA:0,63,0,1
BRDA:828,63,1,1
BRDA:830,63,2,1
BRDA:846,64,0,1
BRDA:850,64,1,1
BRDA:851,65,0,1
BRDA:854,65,1,1
BRDA:0,66,0,1
BRDA:865,66,1,1
BRDA:872,67,0,1
BRDA:885,67,1,1
BRDA:0,68,0,1
BRDA:873,68,1,1
BRDA:873,68,2,1
BRDA:875,68,3,1
BRDA:0,69,0,1
BRDA:881,69,1,1
BRDA:0,70,0,1
BRDA:886,70,1,1
BRDA:958,71,0,1
BRDA:968,71,1,1
BRDA:979,72,0,1
BRDA:982,72,1,1
BRDA:0,73,0,-
BRDA:1108,73,1,1
BRDA:1125,74,0,1
BRDA:1127,74,1,1
BRDA:1136,75,0,1
BRDA:1138,75,1,1
BRDA:0,76,0,1
BRDA:1162,76,1,1
BRDA:1163,77,0,1
BRDA:1165,77,1,1
BRDA:0,78,0,1
BRDA:1168,78,1,1
BRDA:1169,79,0,1
BRDA:1171,79,1,1
BRDA:1179,80,0,1
BRDA:1189,80,1,1
BRDA:1179,81,0,1
BRDA:1179,81,1,1
BRDA:1179,81,2,1
BRDA:1179,81,3,1
BRDA:1179,81,4,1
BRDA:1179,81,5,1
BRDA:1184,81,6,1
BRDA:1187,81,7,1
BRDA:0,82,0,1
BRDA:1194,82,1,1
BRDA:0,83,0,1
BRDA:1197,83,1,1
BRDA:0,84,0,1
BRDA:0,84,1,1
BRDA:1201,84,2,1
BRDA:1201,84,3,1
BRDA:1201,84,4,1
BRDA:1206,85,0,1
BRDA:1209,85,1,1
BRDA:1248,86,0,1
BRDA:1251,86,1,1
BRF:174
BRH:169
end_of_record
